{"/mnt/c/Users/何鑫城/Desktop/CardLand/src/App.tsx": {"path":"/mnt/c/Users/何鑫城/Desktop/CardLand/src/App.tsx","all":true,"statementMap":{"0":{"start":{"line":1,"column":0},"end":{"line":1,"column":16}},"1":{"start":{"line":2,"column":0},"end":{"line":2,"column":10}},"2":{"start":{"line":3,"column":0},"end":{"line":3,"column":25}},"3":{"start":{"line":4,"column":0},"end":{"line":4,"column":23}},"4":{"start":{"line":5,"column":0},"end":{"line":5,"column":10}},"5":{"start":{"line":6,"column":0},"end":{"line":6,"column":3}},"6":{"start":{"line":7,"column":0},"end":{"line":7,"column":1}},"7":{"start":{"line":8,"column":0},"end":{"line":8,"column":0}},"8":{"start":{"line":9,"column":0},"end":{"line":9,"column":18}}},"s":{"0":0,"1":0,"2":0,"3":0,"4":0,"5":0,"6":0,"7":0,"8":0},"branchMap":{"0":{"type":"branch","line":1,"loc":{"start":{"line":1,"column":0},"end":{"line":9,"column":18}},"locations":[{"start":{"line":1,"column":0},"end":{"line":9,"column":18}}]}},"b":{"0":[0]},"fnMap":{"0":{"name":"(empty-report)","decl":{"start":{"line":1,"column":0},"end":{"line":9,"column":18}},"loc":{"start":{"line":1,"column":0},"end":{"line":9,"column":18}},"line":1}},"f":{"0":0}}
,"/mnt/c/Users/何鑫城/Desktop/CardLand/src/main.tsx": {"path":"/mnt/c/Users/何鑫城/Desktop/CardLand/src/main.tsx","all":true,"statementMap":{"0":{"start":{"line":1,"column":0},"end":{"line":1,"column":34}},"1":{"start":{"line":2,"column":0},"end":{"line":2,"column":45}},"2":{"start":{"line":3,"column":0},"end":{"line":3,"column":23}},"3":{"start":{"line":4,"column":0},"end":{"line":4,"column":20}},"4":{"start":{"line":5,"column":0},"end":{"line":5,"column":0}},"5":{"start":{"line":6,"column":0},"end":{"line":6,"column":52}},"6":{"start":{"line":7,"column":0},"end":{"line":7,"column":14}},"7":{"start":{"line":8,"column":0},"end":{"line":8,"column":11}},"8":{"start":{"line":9,"column":0},"end":{"line":9,"column":16}},"9":{"start":{"line":10,"column":0},"end":{"line":10,"column":1}}},"s":{"0":0,"1":0,"2":0,"3":0,"4":0,"5":0,"6":0,"7":0,"8":0,"9":0},"branchMap":{"0":{"type":"branch","line":1,"loc":{"start":{"line":1,"column":0},"end":{"line":10,"column":1}},"locations":[{"start":{"line":1,"column":0},"end":{"line":10,"column":1}}]}},"b":{"0":[0]},"fnMap":{"0":{"name":"(empty-report)","decl":{"start":{"line":1,"column":0},"end":{"line":10,"column":1}},"loc":{"start":{"line":1,"column":0},"end":{"line":10,"column":1}},"line":1}},"f":{"0":0}}
,"/mnt/c/Users/何鑫城/Desktop/CardLand/src/data/map.ts": {"path":"/mnt/c/Users/何鑫城/Desktop/CardLand/src/data/map.ts","all":false,"statementMap":{"22":{"start":{"line":23,"column":0},"end":{"line":23,"column":68}},"23":{"start":{"line":24,"column":0},"end":{"line":24,"column":80}},"24":{"start":{"line":25,"column":0},"end":{"line":25,"column":1}},"30":{"start":{"line":31,"column":0},"end":{"line":31,"column":39}},"33":{"start":{"line":34,"column":0},"end":{"line":34,"column":3}},"34":{"start":{"line":35,"column":0},"end":{"line":35,"column":19}},"35":{"start":{"line":36,"column":0},"end":{"line":36,"column":14}},"36":{"start":{"line":37,"column":0},"end":{"line":37,"column":18}},"37":{"start":{"line":38,"column":0},"end":{"line":38,"column":23}},"38":{"start":{"line":39,"column":0},"end":{"line":39,"column":17}},"39":{"start":{"line":40,"column":0},"end":{"line":40,"column":16}},"40":{"start":{"line":41,"column":0},"end":{"line":41,"column":32}},"41":{"start":{"line":42,"column":0},"end":{"line":42,"column":16}},"42":{"start":{"line":43,"column":0},"end":{"line":43,"column":14}},"43":{"start":{"line":44,"column":0},"end":{"line":44,"column":21}},"44":{"start":{"line":45,"column":0},"end":{"line":45,"column":19}},"45":{"start":{"line":46,"column":0},"end":{"line":46,"column":19}},"46":{"start":{"line":47,"column":0},"end":{"line":47,"column":20}},"47":{"start":{"line":48,"column":0},"end":{"line":48,"column":4}},"48":{"start":{"line":49,"column":0},"end":{"line":49,"column":3}},"49":{"start":{"line":50,"column":0},"end":{"line":50,"column":19}},"50":{"start":{"line":51,"column":0},"end":{"line":51,"column":14}},"51":{"start":{"line":52,"column":0},"end":{"line":52,"column":18}},"52":{"start":{"line":53,"column":0},"end":{"line":53,"column":23}},"53":{"start":{"line":54,"column":0},"end":{"line":54,"column":16}},"54":{"start":{"line":55,"column":0},"end":{"line":55,"column":16}},"55":{"start":{"line":56,"column":0},"end":{"line":56,"column":31}},"56":{"start":{"line":57,"column":0},"end":{"line":57,"column":14}},"57":{"start":{"line":58,"column":0},"end":{"line":58,"column":39}},"58":{"start":{"line":59,"column":0},"end":{"line":59,"column":38}},"59":{"start":{"line":60,"column":0},"end":{"line":60,"column":6}},"60":{"start":{"line":61,"column":0},"end":{"line":61,"column":28}},"61":{"start":{"line":62,"column":0},"end":{"line":62,"column":19}},"62":{"start":{"line":63,"column":0},"end":{"line":63,"column":7}},"63":{"start":{"line":64,"column":0},"end":{"line":64,"column":23}},"64":{"start":{"line":65,"column":0},"end":{"line":65,"column":22}},"65":{"start":{"line":66,"column":0},"end":{"line":66,"column":19}},"66":{"start":{"line":67,"column":0},"end":{"line":67,"column":37}},"67":{"start":{"line":68,"column":0},"end":{"line":68,"column":27}},"68":{"start":{"line":69,"column":0},"end":{"line":69,"column":18}},"69":{"start":{"line":70,"column":0},"end":{"line":70,"column":11}},"70":{"start":{"line":71,"column":0},"end":{"line":71,"column":29}},"71":{"start":{"line":72,"column":0},"end":{"line":72,"column":26}},"72":{"start":{"line":73,"column":0},"end":{"line":73,"column":23}},"73":{"start":{"line":74,"column":0},"end":{"line":74,"column":29}},"74":{"start":{"line":75,"column":0},"end":{"line":75,"column":23}},"75":{"start":{"line":76,"column":0},"end":{"line":76,"column":15}},"76":{"start":{"line":77,"column":0},"end":{"line":77,"column":32}},"77":{"start":{"line":78,"column":0},"end":{"line":78,"column":30}},"78":{"start":{"line":79,"column":0},"end":{"line":79,"column":48}},"79":{"start":{"line":80,"column":0},"end":{"line":80,"column":47}},"80":{"start":{"line":81,"column":0},"end":{"line":81,"column":18}},"81":{"start":{"line":82,"column":0},"end":{"line":82,"column":72}},"82":{"start":{"line":83,"column":0},"end":{"line":83,"column":54}},"83":{"start":{"line":84,"column":0},"end":{"line":84,"column":16}},"84":{"start":{"line":85,"column":0},"end":{"line":85,"column":14}},"85":{"start":{"line":86,"column":0},"end":{"line":86,"column":12}},"86":{"start":{"line":87,"column":0},"end":{"line":87,"column":11}},"87":{"start":{"line":88,"column":0},"end":{"line":88,"column":29}},"88":{"start":{"line":89,"column":0},"end":{"line":89,"column":26}},"89":{"start":{"line":90,"column":0},"end":{"line":90,"column":23}},"90":{"start":{"line":91,"column":0},"end":{"line":91,"column":29}},"91":{"start":{"line":92,"column":0},"end":{"line":92,"column":23}},"92":{"start":{"line":93,"column":0},"end":{"line":93,"column":15}},"93":{"start":{"line":94,"column":0},"end":{"line":94,"column":32}},"94":{"start":{"line":95,"column":0},"end":{"line":95,"column":30}},"95":{"start":{"line":96,"column":0},"end":{"line":96,"column":48}},"96":{"start":{"line":97,"column":0},"end":{"line":97,"column":47}},"97":{"start":{"line":98,"column":0},"end":{"line":98,"column":18}},"98":{"start":{"line":99,"column":0},"end":{"line":99,"column":44}},"99":{"start":{"line":100,"column":0},"end":{"line":100,"column":16}},"100":{"start":{"line":101,"column":0},"end":{"line":101,"column":14}},"101":{"start":{"line":102,"column":0},"end":{"line":102,"column":12}},"102":{"start":{"line":103,"column":0},"end":{"line":103,"column":11}},"103":{"start":{"line":104,"column":0},"end":{"line":104,"column":29}},"104":{"start":{"line":105,"column":0},"end":{"line":105,"column":26}},"105":{"start":{"line":106,"column":0},"end":{"line":106,"column":23}},"106":{"start":{"line":107,"column":0},"end":{"line":107,"column":29}},"107":{"start":{"line":108,"column":0},"end":{"line":108,"column":23}},"108":{"start":{"line":109,"column":0},"end":{"line":109,"column":15}},"109":{"start":{"line":110,"column":0},"end":{"line":110,"column":32}},"110":{"start":{"line":111,"column":0},"end":{"line":111,"column":36}},"111":{"start":{"line":112,"column":0},"end":{"line":112,"column":16}},"112":{"start":{"line":113,"column":0},"end":{"line":113,"column":14}},"113":{"start":{"line":114,"column":0},"end":{"line":114,"column":12}},"114":{"start":{"line":115,"column":0},"end":{"line":115,"column":10}},"115":{"start":{"line":116,"column":0},"end":{"line":116,"column":8}},"116":{"start":{"line":117,"column":0},"end":{"line":117,"column":6}},"117":{"start":{"line":118,"column":0},"end":{"line":118,"column":19}},"118":{"start":{"line":119,"column":0},"end":{"line":119,"column":19}},"119":{"start":{"line":120,"column":0},"end":{"line":120,"column":20}},"120":{"start":{"line":121,"column":0},"end":{"line":121,"column":4}},"121":{"start":{"line":122,"column":0},"end":{"line":122,"column":3}},"122":{"start":{"line":123,"column":0},"end":{"line":123,"column":18}},"123":{"start":{"line":124,"column":0},"end":{"line":124,"column":14}},"124":{"start":{"line":125,"column":0},"end":{"line":125,"column":18}},"125":{"start":{"line":126,"column":0},"end":{"line":126,"column":22}},"126":{"start":{"line":127,"column":0},"end":{"line":127,"column":17}},"127":{"start":{"line":128,"column":0},"end":{"line":128,"column":16}},"128":{"start":{"line":129,"column":0},"end":{"line":129,"column":35}},"129":{"start":{"line":130,"column":0},"end":{"line":130,"column":14}},"130":{"start":{"line":131,"column":0},"end":{"line":131,"column":39}},"131":{"start":{"line":132,"column":0},"end":{"line":132,"column":39}},"132":{"start":{"line":133,"column":0},"end":{"line":133,"column":6}},"133":{"start":{"line":134,"column":0},"end":{"line":134,"column":30}},"134":{"start":{"line":135,"column":0},"end":{"line":135,"column":21}},"135":{"start":{"line":136,"column":0},"end":{"line":136,"column":19}},"136":{"start":{"line":137,"column":0},"end":{"line":137,"column":19}},"137":{"start":{"line":138,"column":0},"end":{"line":138,"column":20}},"138":{"start":{"line":139,"column":0},"end":{"line":139,"column":4}},"139":{"start":{"line":140,"column":0},"end":{"line":140,"column":3}},"140":{"start":{"line":141,"column":0},"end":{"line":141,"column":18}},"141":{"start":{"line":142,"column":0},"end":{"line":142,"column":14}},"142":{"start":{"line":143,"column":0},"end":{"line":143,"column":18}},"143":{"start":{"line":144,"column":0},"end":{"line":144,"column":22}},"144":{"start":{"line":145,"column":0},"end":{"line":145,"column":17}},"145":{"start":{"line":146,"column":0},"end":{"line":146,"column":16}},"146":{"start":{"line":147,"column":0},"end":{"line":147,"column":31}},"147":{"start":{"line":148,"column":0},"end":{"line":148,"column":48}},"148":{"start":{"line":149,"column":0},"end":{"line":149,"column":29}},"149":{"start":{"line":150,"column":0},"end":{"line":150,"column":19}},"150":{"start":{"line":151,"column":0},"end":{"line":151,"column":7}},"151":{"start":{"line":152,"column":0},"end":{"line":152,"column":22}},"152":{"start":{"line":153,"column":0},"end":{"line":153,"column":23}},"153":{"start":{"line":154,"column":0},"end":{"line":154,"column":20}},"154":{"start":{"line":155,"column":0},"end":{"line":155,"column":41}},"155":{"start":{"line":156,"column":0},"end":{"line":156,"column":27}},"156":{"start":{"line":157,"column":0},"end":{"line":157,"column":18}},"157":{"start":{"line":158,"column":0},"end":{"line":158,"column":11}},"158":{"start":{"line":159,"column":0},"end":{"line":159,"column":28}},"159":{"start":{"line":160,"column":0},"end":{"line":160,"column":24}},"160":{"start":{"line":161,"column":0},"end":{"line":161,"column":23}},"161":{"start":{"line":162,"column":0},"end":{"line":162,"column":58}},"162":{"start":{"line":163,"column":0},"end":{"line":163,"column":23}},"163":{"start":{"line":164,"column":0},"end":{"line":164,"column":15}},"164":{"start":{"line":165,"column":0},"end":{"line":165,"column":32}},"165":{"start":{"line":166,"column":0},"end":{"line":166,"column":34}},"166":{"start":{"line":167,"column":0},"end":{"line":167,"column":30}},"167":{"start":{"line":168,"column":0},"end":{"line":168,"column":48}},"168":{"start":{"line":169,"column":0},"end":{"line":169,"column":48}},"169":{"start":{"line":170,"column":0},"end":{"line":170,"column":18}},"170":{"start":{"line":171,"column":0},"end":{"line":171,"column":40}},"171":{"start":{"line":172,"column":0},"end":{"line":172,"column":16}},"172":{"start":{"line":173,"column":0},"end":{"line":173,"column":15}},"173":{"start":{"line":174,"column":0},"end":{"line":174,"column":32}},"174":{"start":{"line":175,"column":0},"end":{"line":175,"column":34}},"175":{"start":{"line":176,"column":0},"end":{"line":176,"column":72}},"176":{"start":{"line":177,"column":0},"end":{"line":177,"column":45}},"177":{"start":{"line":178,"column":0},"end":{"line":178,"column":16}},"178":{"start":{"line":179,"column":0},"end":{"line":179,"column":14}},"179":{"start":{"line":180,"column":0},"end":{"line":180,"column":12}},"180":{"start":{"line":181,"column":0},"end":{"line":181,"column":11}},"181":{"start":{"line":182,"column":0},"end":{"line":182,"column":28}},"182":{"start":{"line":183,"column":0},"end":{"line":183,"column":24}},"183":{"start":{"line":184,"column":0},"end":{"line":184,"column":23}},"184":{"start":{"line":185,"column":0},"end":{"line":185,"column":29}},"185":{"start":{"line":186,"column":0},"end":{"line":186,"column":23}},"186":{"start":{"line":187,"column":0},"end":{"line":187,"column":15}},"187":{"start":{"line":188,"column":0},"end":{"line":188,"column":32}},"188":{"start":{"line":189,"column":0},"end":{"line":189,"column":72}},"189":{"start":{"line":190,"column":0},"end":{"line":190,"column":44}},"190":{"start":{"line":191,"column":0},"end":{"line":191,"column":16}},"191":{"start":{"line":192,"column":0},"end":{"line":192,"column":14}},"192":{"start":{"line":193,"column":0},"end":{"line":193,"column":12}},"193":{"start":{"line":194,"column":0},"end":{"line":194,"column":11}},"194":{"start":{"line":195,"column":0},"end":{"line":195,"column":28}},"195":{"start":{"line":196,"column":0},"end":{"line":196,"column":24}},"196":{"start":{"line":197,"column":0},"end":{"line":197,"column":23}},"197":{"start":{"line":198,"column":0},"end":{"line":198,"column":29}},"198":{"start":{"line":199,"column":0},"end":{"line":199,"column":23}},"199":{"start":{"line":200,"column":0},"end":{"line":200,"column":15}},"200":{"start":{"line":201,"column":0},"end":{"line":201,"column":32}},"201":{"start":{"line":202,"column":0},"end":{"line":202,"column":33}},"202":{"start":{"line":203,"column":0},"end":{"line":203,"column":36}},"203":{"start":{"line":204,"column":0},"end":{"line":204,"column":16}},"204":{"start":{"line":205,"column":0},"end":{"line":205,"column":15}},"205":{"start":{"line":206,"column":0},"end":{"line":206,"column":32}},"206":{"start":{"line":207,"column":0},"end":{"line":207,"column":33}},"207":{"start":{"line":208,"column":0},"end":{"line":208,"column":72}},"208":{"start":{"line":209,"column":0},"end":{"line":209,"column":37}},"209":{"start":{"line":210,"column":0},"end":{"line":210,"column":16}},"210":{"start":{"line":211,"column":0},"end":{"line":211,"column":14}},"211":{"start":{"line":212,"column":0},"end":{"line":212,"column":12}},"212":{"start":{"line":213,"column":0},"end":{"line":213,"column":10}},"213":{"start":{"line":214,"column":0},"end":{"line":214,"column":8}},"214":{"start":{"line":215,"column":0},"end":{"line":215,"column":6}},"215":{"start":{"line":216,"column":0},"end":{"line":216,"column":19}},"216":{"start":{"line":217,"column":0},"end":{"line":217,"column":19}},"217":{"start":{"line":218,"column":0},"end":{"line":218,"column":20}},"218":{"start":{"line":219,"column":0},"end":{"line":219,"column":4}},"221":{"start":{"line":222,"column":0},"end":{"line":222,"column":3}},"222":{"start":{"line":223,"column":0},"end":{"line":223,"column":19}},"223":{"start":{"line":224,"column":0},"end":{"line":224,"column":14}},"224":{"start":{"line":225,"column":0},"end":{"line":225,"column":18}},"225":{"start":{"line":226,"column":0},"end":{"line":226,"column":23}},"226":{"start":{"line":227,"column":0},"end":{"line":227,"column":17}},"227":{"start":{"line":228,"column":0},"end":{"line":228,"column":16}},"228":{"start":{"line":229,"column":0},"end":{"line":229,"column":33}},"229":{"start":{"line":230,"column":0},"end":{"line":230,"column":14}},"230":{"start":{"line":231,"column":0},"end":{"line":231,"column":39}},"231":{"start":{"line":232,"column":0},"end":{"line":232,"column":38}},"232":{"start":{"line":233,"column":0},"end":{"line":233,"column":6}},"233":{"start":{"line":234,"column":0},"end":{"line":234,"column":33}},"234":{"start":{"line":235,"column":0},"end":{"line":235,"column":21}},"235":{"start":{"line":236,"column":0},"end":{"line":236,"column":19}},"236":{"start":{"line":237,"column":0},"end":{"line":237,"column":19}},"237":{"start":{"line":238,"column":0},"end":{"line":238,"column":20}},"238":{"start":{"line":239,"column":0},"end":{"line":239,"column":4}},"239":{"start":{"line":240,"column":0},"end":{"line":240,"column":3}},"240":{"start":{"line":241,"column":0},"end":{"line":241,"column":19}},"241":{"start":{"line":242,"column":0},"end":{"line":242,"column":14}},"242":{"start":{"line":243,"column":0},"end":{"line":243,"column":18}},"243":{"start":{"line":244,"column":0},"end":{"line":244,"column":23}},"244":{"start":{"line":245,"column":0},"end":{"line":245,"column":17}},"245":{"start":{"line":246,"column":0},"end":{"line":246,"column":16}},"246":{"start":{"line":247,"column":0},"end":{"line":247,"column":34}},"247":{"start":{"line":248,"column":0},"end":{"line":248,"column":16}},"248":{"start":{"line":249,"column":0},"end":{"line":249,"column":35}},"249":{"start":{"line":250,"column":0},"end":{"line":250,"column":19}},"250":{"start":{"line":251,"column":0},"end":{"line":251,"column":7}},"251":{"start":{"line":252,"column":0},"end":{"line":252,"column":23}},"252":{"start":{"line":253,"column":0},"end":{"line":253,"column":21}},"253":{"start":{"line":254,"column":0},"end":{"line":254,"column":19}},"254":{"start":{"line":255,"column":0},"end":{"line":255,"column":34}},"255":{"start":{"line":256,"column":0},"end":{"line":256,"column":28}},"256":{"start":{"line":257,"column":0},"end":{"line":257,"column":18}},"257":{"start":{"line":258,"column":0},"end":{"line":258,"column":11}},"258":{"start":{"line":259,"column":0},"end":{"line":259,"column":29}},"259":{"start":{"line":260,"column":0},"end":{"line":260,"column":26}},"260":{"start":{"line":261,"column":0},"end":{"line":261,"column":23}},"261":{"start":{"line":262,"column":0},"end":{"line":262,"column":65}},"262":{"start":{"line":263,"column":0},"end":{"line":263,"column":23}},"263":{"start":{"line":264,"column":0},"end":{"line":264,"column":15}},"264":{"start":{"line":265,"column":0},"end":{"line":265,"column":32}},"265":{"start":{"line":266,"column":0},"end":{"line":266,"column":72}},"266":{"start":{"line":267,"column":0},"end":{"line":267,"column":38}},"267":{"start":{"line":268,"column":0},"end":{"line":268,"column":16}},"268":{"start":{"line":269,"column":0},"end":{"line":269,"column":14}},"269":{"start":{"line":270,"column":0},"end":{"line":270,"column":12}},"270":{"start":{"line":271,"column":0},"end":{"line":271,"column":11}},"271":{"start":{"line":272,"column":0},"end":{"line":272,"column":29}},"272":{"start":{"line":273,"column":0},"end":{"line":273,"column":26}},"273":{"start":{"line":274,"column":0},"end":{"line":274,"column":23}},"274":{"start":{"line":275,"column":0},"end":{"line":275,"column":58}},"275":{"start":{"line":276,"column":0},"end":{"line":276,"column":23}},"276":{"start":{"line":277,"column":0},"end":{"line":277,"column":15}},"277":{"start":{"line":278,"column":0},"end":{"line":278,"column":32}},"278":{"start":{"line":279,"column":0},"end":{"line":279,"column":30}},"279":{"start":{"line":280,"column":0},"end":{"line":280,"column":49}},"280":{"start":{"line":281,"column":0},"end":{"line":281,"column":48}},"281":{"start":{"line":282,"column":0},"end":{"line":282,"column":18}},"282":{"start":{"line":283,"column":0},"end":{"line":283,"column":47}},"283":{"start":{"line":284,"column":0},"end":{"line":284,"column":16}},"284":{"start":{"line":285,"column":0},"end":{"line":285,"column":14}},"285":{"start":{"line":286,"column":0},"end":{"line":286,"column":12}},"286":{"start":{"line":287,"column":0},"end":{"line":287,"column":11}},"287":{"start":{"line":288,"column":0},"end":{"line":288,"column":29}},"288":{"start":{"line":289,"column":0},"end":{"line":289,"column":26}},"289":{"start":{"line":290,"column":0},"end":{"line":290,"column":23}},"290":{"start":{"line":291,"column":0},"end":{"line":291,"column":29}},"291":{"start":{"line":292,"column":0},"end":{"line":292,"column":23}},"292":{"start":{"line":293,"column":0},"end":{"line":293,"column":15}},"293":{"start":{"line":294,"column":0},"end":{"line":294,"column":32}},"294":{"start":{"line":295,"column":0},"end":{"line":295,"column":33}},"295":{"start":{"line":296,"column":0},"end":{"line":296,"column":72}},"296":{"start":{"line":297,"column":0},"end":{"line":297,"column":36}},"297":{"start":{"line":298,"column":0},"end":{"line":298,"column":16}},"298":{"start":{"line":299,"column":0},"end":{"line":299,"column":15}},"299":{"start":{"line":300,"column":0},"end":{"line":300,"column":32}},"300":{"start":{"line":301,"column":0},"end":{"line":301,"column":33}},"301":{"start":{"line":302,"column":0},"end":{"line":302,"column":61}},"302":{"start":{"line":303,"column":0},"end":{"line":303,"column":40}},"303":{"start":{"line":304,"column":0},"end":{"line":304,"column":16}},"304":{"start":{"line":305,"column":0},"end":{"line":305,"column":14}},"305":{"start":{"line":306,"column":0},"end":{"line":306,"column":12}},"306":{"start":{"line":307,"column":0},"end":{"line":307,"column":10}},"307":{"start":{"line":308,"column":0},"end":{"line":308,"column":8}},"308":{"start":{"line":309,"column":0},"end":{"line":309,"column":6}},"309":{"start":{"line":310,"column":0},"end":{"line":310,"column":19}},"310":{"start":{"line":311,"column":0},"end":{"line":311,"column":19}},"311":{"start":{"line":312,"column":0},"end":{"line":312,"column":20}},"312":{"start":{"line":313,"column":0},"end":{"line":313,"column":4}},"313":{"start":{"line":314,"column":0},"end":{"line":314,"column":3}},"314":{"start":{"line":315,"column":0},"end":{"line":315,"column":18}},"315":{"start":{"line":316,"column":0},"end":{"line":316,"column":14}},"316":{"start":{"line":317,"column":0},"end":{"line":317,"column":18}},"317":{"start":{"line":318,"column":0},"end":{"line":318,"column":22}},"318":{"start":{"line":319,"column":0},"end":{"line":319,"column":15}},"319":{"start":{"line":320,"column":0},"end":{"line":320,"column":16}},"320":{"start":{"line":321,"column":0},"end":{"line":321,"column":33}},"321":{"start":{"line":322,"column":0},"end":{"line":322,"column":14}},"322":{"start":{"line":323,"column":0},"end":{"line":323,"column":39}},"323":{"start":{"line":324,"column":0},"end":{"line":324,"column":38}},"324":{"start":{"line":325,"column":0},"end":{"line":325,"column":39}},"325":{"start":{"line":326,"column":0},"end":{"line":326,"column":6}},"326":{"start":{"line":327,"column":0},"end":{"line":327,"column":23}},"327":{"start":{"line":328,"column":0},"end":{"line":328,"column":21}},"328":{"start":{"line":329,"column":0},"end":{"line":329,"column":19}},"329":{"start":{"line":330,"column":0},"end":{"line":330,"column":19}},"330":{"start":{"line":331,"column":0},"end":{"line":331,"column":20}},"331":{"start":{"line":332,"column":0},"end":{"line":332,"column":4}},"332":{"start":{"line":333,"column":0},"end":{"line":333,"column":3}},"333":{"start":{"line":334,"column":0},"end":{"line":334,"column":18}},"334":{"start":{"line":335,"column":0},"end":{"line":335,"column":14}},"335":{"start":{"line":336,"column":0},"end":{"line":336,"column":18}},"336":{"start":{"line":337,"column":0},"end":{"line":337,"column":22}},"337":{"start":{"line":338,"column":0},"end":{"line":338,"column":17}},"338":{"start":{"line":339,"column":0},"end":{"line":339,"column":16}},"339":{"start":{"line":340,"column":0},"end":{"line":340,"column":31}},"340":{"start":{"line":341,"column":0},"end":{"line":341,"column":14}},"341":{"start":{"line":342,"column":0},"end":{"line":342,"column":39}},"342":{"start":{"line":343,"column":0},"end":{"line":343,"column":38}},"343":{"start":{"line":344,"column":0},"end":{"line":344,"column":6}},"344":{"start":{"line":345,"column":0},"end":{"line":345,"column":31}},"345":{"start":{"line":346,"column":0},"end":{"line":346,"column":21}},"346":{"start":{"line":347,"column":0},"end":{"line":347,"column":19}},"347":{"start":{"line":348,"column":0},"end":{"line":348,"column":19}},"348":{"start":{"line":349,"column":0},"end":{"line":349,"column":20}},"349":{"start":{"line":350,"column":0},"end":{"line":350,"column":4}},"352":{"start":{"line":353,"column":0},"end":{"line":353,"column":3}},"353":{"start":{"line":354,"column":0},"end":{"line":354,"column":19}},"354":{"start":{"line":355,"column":0},"end":{"line":355,"column":14}},"355":{"start":{"line":356,"column":0},"end":{"line":356,"column":18}},"356":{"start":{"line":357,"column":0},"end":{"line":357,"column":23}},"357":{"start":{"line":358,"column":0},"end":{"line":358,"column":17}},"358":{"start":{"line":359,"column":0},"end":{"line":359,"column":16}},"359":{"start":{"line":360,"column":0},"end":{"line":360,"column":32}},"360":{"start":{"line":361,"column":0},"end":{"line":361,"column":48}},"361":{"start":{"line":362,"column":0},"end":{"line":362,"column":29}},"362":{"start":{"line":363,"column":0},"end":{"line":363,"column":19}},"363":{"start":{"line":364,"column":0},"end":{"line":364,"column":7}},"364":{"start":{"line":365,"column":0},"end":{"line":365,"column":22}},"365":{"start":{"line":366,"column":0},"end":{"line":366,"column":23}},"366":{"start":{"line":367,"column":0},"end":{"line":367,"column":19}},"367":{"start":{"line":368,"column":0},"end":{"line":368,"column":42}},"368":{"start":{"line":369,"column":0},"end":{"line":369,"column":27}},"369":{"start":{"line":370,"column":0},"end":{"line":370,"column":18}},"370":{"start":{"line":371,"column":0},"end":{"line":371,"column":11}},"371":{"start":{"line":372,"column":0},"end":{"line":372,"column":28}},"372":{"start":{"line":373,"column":0},"end":{"line":373,"column":26}},"373":{"start":{"line":374,"column":0},"end":{"line":374,"column":23}},"374":{"start":{"line":375,"column":0},"end":{"line":375,"column":29}},"375":{"start":{"line":376,"column":0},"end":{"line":376,"column":23}},"376":{"start":{"line":377,"column":0},"end":{"line":377,"column":15}},"377":{"start":{"line":378,"column":0},"end":{"line":378,"column":32}},"378":{"start":{"line":379,"column":0},"end":{"line":379,"column":33}},"379":{"start":{"line":380,"column":0},"end":{"line":380,"column":61}},"380":{"start":{"line":381,"column":0},"end":{"line":381,"column":36}},"381":{"start":{"line":382,"column":0},"end":{"line":382,"column":16}},"382":{"start":{"line":383,"column":0},"end":{"line":383,"column":15}},"383":{"start":{"line":384,"column":0},"end":{"line":384,"column":32}},"384":{"start":{"line":385,"column":0},"end":{"line":385,"column":33}},"385":{"start":{"line":386,"column":0},"end":{"line":386,"column":61}},"386":{"start":{"line":387,"column":0},"end":{"line":387,"column":72}},"387":{"start":{"line":388,"column":0},"end":{"line":388,"column":47}},"388":{"start":{"line":389,"column":0},"end":{"line":389,"column":16}},"389":{"start":{"line":390,"column":0},"end":{"line":390,"column":14}},"390":{"start":{"line":391,"column":0},"end":{"line":391,"column":12}},"391":{"start":{"line":392,"column":0},"end":{"line":392,"column":11}},"392":{"start":{"line":393,"column":0},"end":{"line":393,"column":28}},"393":{"start":{"line":394,"column":0},"end":{"line":394,"column":26}},"394":{"start":{"line":395,"column":0},"end":{"line":395,"column":23}},"395":{"start":{"line":396,"column":0},"end":{"line":396,"column":58}},"396":{"start":{"line":397,"column":0},"end":{"line":397,"column":23}},"397":{"start":{"line":398,"column":0},"end":{"line":398,"column":15}},"398":{"start":{"line":399,"column":0},"end":{"line":399,"column":32}},"399":{"start":{"line":400,"column":0},"end":{"line":400,"column":61}},"400":{"start":{"line":401,"column":0},"end":{"line":401,"column":39}},"401":{"start":{"line":402,"column":0},"end":{"line":402,"column":16}},"402":{"start":{"line":403,"column":0},"end":{"line":403,"column":14}},"403":{"start":{"line":404,"column":0},"end":{"line":404,"column":12}},"404":{"start":{"line":405,"column":0},"end":{"line":405,"column":11}},"405":{"start":{"line":406,"column":0},"end":{"line":406,"column":28}},"406":{"start":{"line":407,"column":0},"end":{"line":407,"column":26}},"407":{"start":{"line":408,"column":0},"end":{"line":408,"column":23}},"408":{"start":{"line":409,"column":0},"end":{"line":409,"column":29}},"409":{"start":{"line":410,"column":0},"end":{"line":410,"column":23}},"410":{"start":{"line":411,"column":0},"end":{"line":411,"column":15}},"411":{"start":{"line":412,"column":0},"end":{"line":412,"column":32}},"412":{"start":{"line":413,"column":0},"end":{"line":413,"column":36}},"413":{"start":{"line":414,"column":0},"end":{"line":414,"column":16}},"414":{"start":{"line":415,"column":0},"end":{"line":415,"column":14}},"415":{"start":{"line":416,"column":0},"end":{"line":416,"column":12}},"416":{"start":{"line":417,"column":0},"end":{"line":417,"column":10}},"417":{"start":{"line":418,"column":0},"end":{"line":418,"column":8}},"418":{"start":{"line":419,"column":0},"end":{"line":419,"column":6}},"419":{"start":{"line":420,"column":0},"end":{"line":420,"column":19}},"420":{"start":{"line":421,"column":0},"end":{"line":421,"column":19}},"421":{"start":{"line":422,"column":0},"end":{"line":422,"column":20}},"422":{"start":{"line":423,"column":0},"end":{"line":423,"column":4}},"423":{"start":{"line":424,"column":0},"end":{"line":424,"column":3}},"424":{"start":{"line":425,"column":0},"end":{"line":425,"column":19}},"425":{"start":{"line":426,"column":0},"end":{"line":426,"column":14}},"426":{"start":{"line":427,"column":0},"end":{"line":427,"column":18}},"427":{"start":{"line":428,"column":0},"end":{"line":428,"column":23}},"428":{"start":{"line":429,"column":0},"end":{"line":429,"column":17}},"429":{"start":{"line":430,"column":0},"end":{"line":430,"column":16}},"430":{"start":{"line":431,"column":0},"end":{"line":431,"column":34}},"431":{"start":{"line":432,"column":0},"end":{"line":432,"column":14}},"432":{"start":{"line":433,"column":0},"end":{"line":433,"column":39}},"433":{"start":{"line":434,"column":0},"end":{"line":434,"column":38}},"434":{"start":{"line":435,"column":0},"end":{"line":435,"column":39}},"435":{"start":{"line":436,"column":0},"end":{"line":436,"column":6}},"436":{"start":{"line":437,"column":0},"end":{"line":437,"column":14}},"437":{"start":{"line":438,"column":0},"end":{"line":438,"column":21}},"438":{"start":{"line":439,"column":0},"end":{"line":439,"column":19}},"439":{"start":{"line":440,"column":0},"end":{"line":440,"column":19}},"440":{"start":{"line":441,"column":0},"end":{"line":441,"column":20}},"441":{"start":{"line":442,"column":0},"end":{"line":442,"column":4}},"442":{"start":{"line":443,"column":0},"end":{"line":443,"column":3}},"443":{"start":{"line":444,"column":0},"end":{"line":444,"column":18}},"444":{"start":{"line":445,"column":0},"end":{"line":445,"column":14}},"445":{"start":{"line":446,"column":0},"end":{"line":446,"column":18}},"446":{"start":{"line":447,"column":0},"end":{"line":447,"column":22}},"447":{"start":{"line":448,"column":0},"end":{"line":448,"column":17}},"448":{"start":{"line":449,"column":0},"end":{"line":449,"column":16}},"449":{"start":{"line":450,"column":0},"end":{"line":450,"column":32}},"450":{"start":{"line":451,"column":0},"end":{"line":451,"column":14}},"451":{"start":{"line":452,"column":0},"end":{"line":452,"column":39}},"452":{"start":{"line":453,"column":0},"end":{"line":453,"column":38}},"453":{"start":{"line":454,"column":0},"end":{"line":454,"column":39}},"454":{"start":{"line":455,"column":0},"end":{"line":455,"column":6}},"455":{"start":{"line":456,"column":0},"end":{"line":456,"column":26}},"456":{"start":{"line":457,"column":0},"end":{"line":457,"column":21}},"457":{"start":{"line":458,"column":0},"end":{"line":458,"column":19}},"458":{"start":{"line":459,"column":0},"end":{"line":459,"column":19}},"459":{"start":{"line":460,"column":0},"end":{"line":460,"column":20}},"460":{"start":{"line":461,"column":0},"end":{"line":461,"column":4}},"461":{"start":{"line":462,"column":0},"end":{"line":462,"column":3}},"462":{"start":{"line":463,"column":0},"end":{"line":463,"column":18}},"463":{"start":{"line":464,"column":0},"end":{"line":464,"column":14}},"464":{"start":{"line":465,"column":0},"end":{"line":465,"column":18}},"465":{"start":{"line":466,"column":0},"end":{"line":466,"column":22}},"466":{"start":{"line":467,"column":0},"end":{"line":467,"column":17}},"467":{"start":{"line":468,"column":0},"end":{"line":468,"column":16}},"468":{"start":{"line":469,"column":0},"end":{"line":469,"column":34}},"469":{"start":{"line":470,"column":0},"end":{"line":470,"column":48}},"470":{"start":{"line":471,"column":0},"end":{"line":471,"column":31}},"471":{"start":{"line":472,"column":0},"end":{"line":472,"column":21}},"472":{"start":{"line":473,"column":0},"end":{"line":473,"column":19}},"473":{"start":{"line":474,"column":0},"end":{"line":474,"column":19}},"474":{"start":{"line":475,"column":0},"end":{"line":475,"column":20}},"475":{"start":{"line":476,"column":0},"end":{"line":476,"column":4}},"478":{"start":{"line":479,"column":0},"end":{"line":479,"column":3}},"479":{"start":{"line":480,"column":0},"end":{"line":480,"column":19}},"480":{"start":{"line":481,"column":0},"end":{"line":481,"column":14}},"481":{"start":{"line":482,"column":0},"end":{"line":482,"column":18}},"482":{"start":{"line":483,"column":0},"end":{"line":483,"column":23}},"483":{"start":{"line":484,"column":0},"end":{"line":484,"column":16}},"484":{"start":{"line":485,"column":0},"end":{"line":485,"column":16}},"485":{"start":{"line":486,"column":0},"end":{"line":486,"column":34}},"486":{"start":{"line":487,"column":0},"end":{"line":487,"column":14}},"487":{"start":{"line":488,"column":0},"end":{"line":488,"column":40}},"488":{"start":{"line":489,"column":0},"end":{"line":489,"column":39}},"489":{"start":{"line":490,"column":0},"end":{"line":490,"column":6}},"490":{"start":{"line":491,"column":0},"end":{"line":491,"column":29}},"491":{"start":{"line":492,"column":0},"end":{"line":492,"column":19}},"492":{"start":{"line":493,"column":0},"end":{"line":493,"column":7}},"493":{"start":{"line":494,"column":0},"end":{"line":494,"column":22}},"494":{"start":{"line":495,"column":0},"end":{"line":495,"column":23}},"495":{"start":{"line":496,"column":0},"end":{"line":496,"column":20}},"496":{"start":{"line":497,"column":0},"end":{"line":497,"column":32}},"497":{"start":{"line":498,"column":0},"end":{"line":498,"column":27}},"498":{"start":{"line":499,"column":0},"end":{"line":499,"column":18}},"499":{"start":{"line":500,"column":0},"end":{"line":500,"column":11}},"500":{"start":{"line":501,"column":0},"end":{"line":501,"column":28}},"501":{"start":{"line":502,"column":0},"end":{"line":502,"column":26}},"502":{"start":{"line":503,"column":0},"end":{"line":503,"column":23}},"503":{"start":{"line":504,"column":0},"end":{"line":504,"column":29}},"504":{"start":{"line":505,"column":0},"end":{"line":505,"column":23}},"505":{"start":{"line":506,"column":0},"end":{"line":506,"column":15}},"506":{"start":{"line":507,"column":0},"end":{"line":507,"column":32}},"507":{"start":{"line":508,"column":0},"end":{"line":508,"column":34}},"508":{"start":{"line":509,"column":0},"end":{"line":509,"column":72}},"509":{"start":{"line":510,"column":0},"end":{"line":510,"column":38}},"510":{"start":{"line":511,"column":0},"end":{"line":511,"column":16}},"511":{"start":{"line":512,"column":0},"end":{"line":512,"column":15}},"512":{"start":{"line":513,"column":0},"end":{"line":513,"column":32}},"513":{"start":{"line":514,"column":0},"end":{"line":514,"column":34}},"514":{"start":{"line":515,"column":0},"end":{"line":515,"column":62}},"515":{"start":{"line":516,"column":0},"end":{"line":516,"column":35}},"516":{"start":{"line":517,"column":0},"end":{"line":517,"column":16}},"517":{"start":{"line":518,"column":0},"end":{"line":518,"column":15}},"518":{"start":{"line":519,"column":0},"end":{"line":519,"column":32}},"519":{"start":{"line":520,"column":0},"end":{"line":520,"column":34}},"520":{"start":{"line":521,"column":0},"end":{"line":521,"column":61}},"521":{"start":{"line":522,"column":0},"end":{"line":522,"column":39}},"522":{"start":{"line":523,"column":0},"end":{"line":523,"column":16}},"523":{"start":{"line":524,"column":0},"end":{"line":524,"column":14}},"524":{"start":{"line":525,"column":0},"end":{"line":525,"column":12}},"525":{"start":{"line":526,"column":0},"end":{"line":526,"column":11}},"526":{"start":{"line":527,"column":0},"end":{"line":527,"column":28}},"527":{"start":{"line":528,"column":0},"end":{"line":528,"column":26}},"528":{"start":{"line":529,"column":0},"end":{"line":529,"column":23}},"529":{"start":{"line":530,"column":0},"end":{"line":530,"column":29}},"530":{"start":{"line":531,"column":0},"end":{"line":531,"column":23}},"531":{"start":{"line":532,"column":0},"end":{"line":532,"column":15}},"532":{"start":{"line":533,"column":0},"end":{"line":533,"column":32}},"533":{"start":{"line":534,"column":0},"end":{"line":534,"column":30}},"534":{"start":{"line":535,"column":0},"end":{"line":535,"column":49}},"535":{"start":{"line":536,"column":0},"end":{"line":536,"column":48}},"536":{"start":{"line":537,"column":0},"end":{"line":537,"column":18}},"537":{"start":{"line":538,"column":0},"end":{"line":538,"column":43}},"538":{"start":{"line":539,"column":0},"end":{"line":539,"column":16}},"539":{"start":{"line":540,"column":0},"end":{"line":540,"column":14}},"540":{"start":{"line":541,"column":0},"end":{"line":541,"column":12}},"541":{"start":{"line":542,"column":0},"end":{"line":542,"column":11}},"542":{"start":{"line":543,"column":0},"end":{"line":543,"column":28}},"543":{"start":{"line":544,"column":0},"end":{"line":544,"column":26}},"544":{"start":{"line":545,"column":0},"end":{"line":545,"column":23}},"545":{"start":{"line":546,"column":0},"end":{"line":546,"column":29}},"546":{"start":{"line":547,"column":0},"end":{"line":547,"column":23}},"547":{"start":{"line":548,"column":0},"end":{"line":548,"column":15}},"548":{"start":{"line":549,"column":0},"end":{"line":549,"column":32}},"549":{"start":{"line":550,"column":0},"end":{"line":550,"column":31}},"550":{"start":{"line":551,"column":0},"end":{"line":551,"column":16}},"551":{"start":{"line":552,"column":0},"end":{"line":552,"column":14}},"552":{"start":{"line":553,"column":0},"end":{"line":553,"column":12}},"553":{"start":{"line":554,"column":0},"end":{"line":554,"column":10}},"554":{"start":{"line":555,"column":0},"end":{"line":555,"column":8}},"555":{"start":{"line":556,"column":0},"end":{"line":556,"column":6}},"556":{"start":{"line":557,"column":0},"end":{"line":557,"column":19}},"557":{"start":{"line":558,"column":0},"end":{"line":558,"column":19}},"558":{"start":{"line":559,"column":0},"end":{"line":559,"column":20}},"559":{"start":{"line":560,"column":0},"end":{"line":560,"column":4}},"560":{"start":{"line":561,"column":0},"end":{"line":561,"column":3}},"561":{"start":{"line":562,"column":0},"end":{"line":562,"column":19}},"562":{"start":{"line":563,"column":0},"end":{"line":563,"column":14}},"563":{"start":{"line":564,"column":0},"end":{"line":564,"column":18}},"564":{"start":{"line":565,"column":0},"end":{"line":565,"column":23}},"565":{"start":{"line":566,"column":0},"end":{"line":566,"column":15}},"566":{"start":{"line":567,"column":0},"end":{"line":567,"column":16}},"567":{"start":{"line":568,"column":0},"end":{"line":568,"column":33}},"568":{"start":{"line":569,"column":0},"end":{"line":569,"column":14}},"569":{"start":{"line":570,"column":0},"end":{"line":570,"column":40}},"570":{"start":{"line":571,"column":0},"end":{"line":571,"column":39}},"571":{"start":{"line":572,"column":0},"end":{"line":572,"column":6}},"572":{"start":{"line":573,"column":0},"end":{"line":573,"column":14}},"573":{"start":{"line":574,"column":0},"end":{"line":574,"column":21}},"574":{"start":{"line":575,"column":0},"end":{"line":575,"column":19}},"575":{"start":{"line":576,"column":0},"end":{"line":576,"column":19}},"576":{"start":{"line":577,"column":0},"end":{"line":577,"column":20}},"577":{"start":{"line":578,"column":0},"end":{"line":578,"column":4}},"578":{"start":{"line":579,"column":0},"end":{"line":579,"column":3}},"579":{"start":{"line":580,"column":0},"end":{"line":580,"column":18}},"580":{"start":{"line":581,"column":0},"end":{"line":581,"column":14}},"581":{"start":{"line":582,"column":0},"end":{"line":582,"column":18}},"582":{"start":{"line":583,"column":0},"end":{"line":583,"column":22}},"583":{"start":{"line":584,"column":0},"end":{"line":584,"column":17}},"584":{"start":{"line":585,"column":0},"end":{"line":585,"column":16}},"585":{"start":{"line":586,"column":0},"end":{"line":586,"column":29}},"586":{"start":{"line":587,"column":0},"end":{"line":587,"column":14}},"587":{"start":{"line":588,"column":0},"end":{"line":588,"column":40}},"588":{"start":{"line":589,"column":0},"end":{"line":589,"column":39}},"589":{"start":{"line":590,"column":0},"end":{"line":590,"column":6}},"590":{"start":{"line":591,"column":0},"end":{"line":591,"column":14}},"591":{"start":{"line":592,"column":0},"end":{"line":592,"column":21}},"592":{"start":{"line":593,"column":0},"end":{"line":593,"column":19}},"593":{"start":{"line":594,"column":0},"end":{"line":594,"column":19}},"594":{"start":{"line":595,"column":0},"end":{"line":595,"column":20}},"595":{"start":{"line":596,"column":0},"end":{"line":596,"column":4}},"596":{"start":{"line":597,"column":0},"end":{"line":597,"column":3}},"597":{"start":{"line":598,"column":0},"end":{"line":598,"column":18}},"598":{"start":{"line":599,"column":0},"end":{"line":599,"column":14}},"599":{"start":{"line":600,"column":0},"end":{"line":600,"column":18}},"600":{"start":{"line":601,"column":0},"end":{"line":601,"column":22}},"601":{"start":{"line":602,"column":0},"end":{"line":602,"column":17}},"602":{"start":{"line":603,"column":0},"end":{"line":603,"column":16}},"603":{"start":{"line":604,"column":0},"end":{"line":604,"column":31}},"604":{"start":{"line":605,"column":0},"end":{"line":605,"column":16}},"605":{"start":{"line":606,"column":0},"end":{"line":606,"column":32}},"606":{"start":{"line":607,"column":0},"end":{"line":607,"column":21}},"607":{"start":{"line":608,"column":0},"end":{"line":608,"column":19}},"608":{"start":{"line":609,"column":0},"end":{"line":609,"column":19}},"609":{"start":{"line":610,"column":0},"end":{"line":610,"column":20}},"610":{"start":{"line":611,"column":0},"end":{"line":611,"column":4}},"614":{"start":{"line":615,"column":0},"end":{"line":615,"column":3}},"615":{"start":{"line":616,"column":0},"end":{"line":616,"column":19}},"616":{"start":{"line":617,"column":0},"end":{"line":617,"column":14}},"617":{"start":{"line":618,"column":0},"end":{"line":618,"column":18}},"618":{"start":{"line":619,"column":0},"end":{"line":619,"column":23}},"619":{"start":{"line":620,"column":0},"end":{"line":620,"column":17}},"620":{"start":{"line":621,"column":0},"end":{"line":621,"column":16}},"621":{"start":{"line":622,"column":0},"end":{"line":622,"column":33}},"622":{"start":{"line":623,"column":0},"end":{"line":623,"column":16}},"623":{"start":{"line":624,"column":0},"end":{"line":624,"column":46}},"624":{"start":{"line":625,"column":0},"end":{"line":625,"column":21}},"625":{"start":{"line":626,"column":0},"end":{"line":626,"column":20}},"626":{"start":{"line":627,"column":0},"end":{"line":627,"column":19}},"627":{"start":{"line":628,"column":0},"end":{"line":628,"column":23}},"628":{"start":{"line":629,"column":0},"end":{"line":629,"column":4}},"629":{"start":{"line":630,"column":0},"end":{"line":630,"column":3}},"630":{"start":{"line":631,"column":0},"end":{"line":631,"column":19}},"631":{"start":{"line":632,"column":0},"end":{"line":632,"column":14}},"632":{"start":{"line":633,"column":0},"end":{"line":633,"column":18}},"633":{"start":{"line":634,"column":0},"end":{"line":634,"column":23}},"634":{"start":{"line":635,"column":0},"end":{"line":635,"column":16}},"635":{"start":{"line":636,"column":0},"end":{"line":636,"column":16}},"636":{"start":{"line":637,"column":0},"end":{"line":637,"column":35}},"637":{"start":{"line":638,"column":0},"end":{"line":638,"column":48}},"638":{"start":{"line":639,"column":0},"end":{"line":639,"column":27}},"639":{"start":{"line":640,"column":0},"end":{"line":640,"column":21}},"640":{"start":{"line":641,"column":0},"end":{"line":641,"column":19}},"641":{"start":{"line":642,"column":0},"end":{"line":642,"column":19}},"642":{"start":{"line":643,"column":0},"end":{"line":643,"column":20}},"643":{"start":{"line":644,"column":0},"end":{"line":644,"column":4}},"644":{"start":{"line":645,"column":0},"end":{"line":645,"column":3}},"645":{"start":{"line":646,"column":0},"end":{"line":646,"column":18}},"646":{"start":{"line":647,"column":0},"end":{"line":647,"column":14}},"647":{"start":{"line":648,"column":0},"end":{"line":648,"column":18}},"648":{"start":{"line":649,"column":0},"end":{"line":649,"column":22}},"649":{"start":{"line":650,"column":0},"end":{"line":650,"column":17}},"650":{"start":{"line":651,"column":0},"end":{"line":651,"column":16}},"651":{"start":{"line":652,"column":0},"end":{"line":652,"column":33}},"652":{"start":{"line":653,"column":0},"end":{"line":653,"column":14}},"653":{"start":{"line":654,"column":0},"end":{"line":654,"column":39}},"654":{"start":{"line":655,"column":0},"end":{"line":655,"column":39}},"655":{"start":{"line":656,"column":0},"end":{"line":656,"column":6}},"656":{"start":{"line":657,"column":0},"end":{"line":657,"column":42}},"657":{"start":{"line":658,"column":0},"end":{"line":658,"column":19}},"658":{"start":{"line":659,"column":0},"end":{"line":659,"column":7}},"659":{"start":{"line":660,"column":0},"end":{"line":660,"column":23}},"660":{"start":{"line":661,"column":0},"end":{"line":661,"column":21}},"661":{"start":{"line":662,"column":0},"end":{"line":662,"column":19}},"662":{"start":{"line":663,"column":0},"end":{"line":663,"column":29}},"663":{"start":{"line":664,"column":0},"end":{"line":664,"column":27}},"664":{"start":{"line":665,"column":0},"end":{"line":665,"column":18}},"665":{"start":{"line":666,"column":0},"end":{"line":666,"column":11}},"666":{"start":{"line":667,"column":0},"end":{"line":667,"column":29}},"667":{"start":{"line":668,"column":0},"end":{"line":668,"column":24}},"668":{"start":{"line":669,"column":0},"end":{"line":669,"column":23}},"669":{"start":{"line":670,"column":0},"end":{"line":670,"column":29}},"670":{"start":{"line":671,"column":0},"end":{"line":671,"column":23}},"671":{"start":{"line":672,"column":0},"end":{"line":672,"column":15}},"672":{"start":{"line":673,"column":0},"end":{"line":673,"column":32}},"673":{"start":{"line":674,"column":0},"end":{"line":674,"column":34}},"674":{"start":{"line":675,"column":0},"end":{"line":675,"column":30}},"675":{"start":{"line":676,"column":0},"end":{"line":676,"column":48}},"676":{"start":{"line":677,"column":0},"end":{"line":677,"column":48}},"677":{"start":{"line":678,"column":0},"end":{"line":678,"column":18}},"678":{"start":{"line":679,"column":0},"end":{"line":679,"column":40}},"679":{"start":{"line":680,"column":0},"end":{"line":680,"column":16}},"680":{"start":{"line":681,"column":0},"end":{"line":681,"column":15}},"681":{"start":{"line":682,"column":0},"end":{"line":682,"column":32}},"682":{"start":{"line":683,"column":0},"end":{"line":683,"column":34}},"683":{"start":{"line":684,"column":0},"end":{"line":684,"column":38}},"684":{"start":{"line":685,"column":0},"end":{"line":685,"column":47}},"685":{"start":{"line":686,"column":0},"end":{"line":686,"column":16}},"686":{"start":{"line":687,"column":0},"end":{"line":687,"column":14}},"687":{"start":{"line":688,"column":0},"end":{"line":688,"column":12}},"688":{"start":{"line":689,"column":0},"end":{"line":689,"column":11}},"689":{"start":{"line":690,"column":0},"end":{"line":690,"column":29}},"690":{"start":{"line":691,"column":0},"end":{"line":691,"column":24}},"691":{"start":{"line":692,"column":0},"end":{"line":692,"column":23}},"692":{"start":{"line":693,"column":0},"end":{"line":693,"column":29}},"693":{"start":{"line":694,"column":0},"end":{"line":694,"column":23}},"694":{"start":{"line":695,"column":0},"end":{"line":695,"column":15}},"695":{"start":{"line":696,"column":0},"end":{"line":696,"column":32}},"696":{"start":{"line":697,"column":0},"end":{"line":697,"column":72}},"697":{"start":{"line":698,"column":0},"end":{"line":698,"column":46}},"698":{"start":{"line":699,"column":0},"end":{"line":699,"column":16}},"699":{"start":{"line":700,"column":0},"end":{"line":700,"column":14}},"700":{"start":{"line":701,"column":0},"end":{"line":701,"column":12}},"701":{"start":{"line":702,"column":0},"end":{"line":702,"column":11}},"702":{"start":{"line":703,"column":0},"end":{"line":703,"column":29}},"703":{"start":{"line":704,"column":0},"end":{"line":704,"column":26}},"704":{"start":{"line":705,"column":0},"end":{"line":705,"column":23}},"705":{"start":{"line":706,"column":0},"end":{"line":706,"column":58}},"706":{"start":{"line":707,"column":0},"end":{"line":707,"column":23}},"707":{"start":{"line":708,"column":0},"end":{"line":708,"column":15}},"708":{"start":{"line":709,"column":0},"end":{"line":709,"column":32}},"709":{"start":{"line":710,"column":0},"end":{"line":710,"column":61}},"710":{"start":{"line":711,"column":0},"end":{"line":711,"column":46}},"711":{"start":{"line":712,"column":0},"end":{"line":712,"column":16}},"712":{"start":{"line":713,"column":0},"end":{"line":713,"column":14}},"713":{"start":{"line":714,"column":0},"end":{"line":714,"column":12}},"714":{"start":{"line":715,"column":0},"end":{"line":715,"column":10}},"715":{"start":{"line":716,"column":0},"end":{"line":716,"column":8}},"716":{"start":{"line":717,"column":0},"end":{"line":717,"column":6}},"717":{"start":{"line":718,"column":0},"end":{"line":718,"column":20}},"718":{"start":{"line":719,"column":0},"end":{"line":719,"column":19}},"719":{"start":{"line":720,"column":0},"end":{"line":720,"column":23}},"720":{"start":{"line":721,"column":0},"end":{"line":721,"column":4}},"721":{"start":{"line":722,"column":0},"end":{"line":722,"column":3}},"722":{"start":{"line":723,"column":0},"end":{"line":723,"column":18}},"723":{"start":{"line":724,"column":0},"end":{"line":724,"column":14}},"724":{"start":{"line":725,"column":0},"end":{"line":725,"column":18}},"725":{"start":{"line":726,"column":0},"end":{"line":726,"column":22}},"726":{"start":{"line":727,"column":0},"end":{"line":727,"column":15}},"727":{"start":{"line":728,"column":0},"end":{"line":728,"column":16}},"728":{"start":{"line":729,"column":0},"end":{"line":729,"column":29}},"729":{"start":{"line":730,"column":0},"end":{"line":730,"column":48}},"730":{"start":{"line":731,"column":0},"end":{"line":731,"column":29}},"731":{"start":{"line":732,"column":0},"end":{"line":732,"column":19}},"732":{"start":{"line":733,"column":0},"end":{"line":733,"column":7}},"733":{"start":{"line":734,"column":0},"end":{"line":734,"column":22}},"734":{"start":{"line":735,"column":0},"end":{"line":735,"column":23}},"735":{"start":{"line":736,"column":0},"end":{"line":736,"column":19}},"736":{"start":{"line":737,"column":0},"end":{"line":737,"column":31}},"737":{"start":{"line":738,"column":0},"end":{"line":738,"column":28}},"738":{"start":{"line":739,"column":0},"end":{"line":739,"column":18}},"739":{"start":{"line":740,"column":0},"end":{"line":740,"column":11}},"740":{"start":{"line":741,"column":0},"end":{"line":741,"column":28}},"741":{"start":{"line":742,"column":0},"end":{"line":742,"column":24}},"742":{"start":{"line":743,"column":0},"end":{"line":743,"column":24}},"743":{"start":{"line":744,"column":0},"end":{"line":744,"column":27}},"744":{"start":{"line":745,"column":0},"end":{"line":745,"column":44}},"745":{"start":{"line":746,"column":0},"end":{"line":746,"column":51}},"746":{"start":{"line":747,"column":0},"end":{"line":747,"column":14}},"747":{"start":{"line":748,"column":0},"end":{"line":748,"column":23}},"748":{"start":{"line":749,"column":0},"end":{"line":749,"column":15}},"749":{"start":{"line":750,"column":0},"end":{"line":750,"column":32}},"750":{"start":{"line":751,"column":0},"end":{"line":751,"column":34}},"751":{"start":{"line":752,"column":0},"end":{"line":752,"column":30}},"752":{"start":{"line":753,"column":0},"end":{"line":753,"column":48}},"753":{"start":{"line":754,"column":0},"end":{"line":754,"column":48}},"754":{"start":{"line":755,"column":0},"end":{"line":755,"column":18}},"755":{"start":{"line":756,"column":0},"end":{"line":756,"column":40}},"756":{"start":{"line":757,"column":0},"end":{"line":757,"column":16}},"757":{"start":{"line":758,"column":0},"end":{"line":758,"column":15}},"758":{"start":{"line":759,"column":0},"end":{"line":759,"column":32}},"759":{"start":{"line":760,"column":0},"end":{"line":760,"column":34}},"760":{"start":{"line":761,"column":0},"end":{"line":761,"column":35}},"761":{"start":{"line":762,"column":0},"end":{"line":762,"column":54}},"762":{"start":{"line":763,"column":0},"end":{"line":763,"column":54}},"763":{"start":{"line":764,"column":0},"end":{"line":764,"column":18}},"764":{"start":{"line":765,"column":0},"end":{"line":765,"column":42}},"765":{"start":{"line":766,"column":0},"end":{"line":766,"column":16}},"766":{"start":{"line":767,"column":0},"end":{"line":767,"column":14}},"767":{"start":{"line":768,"column":0},"end":{"line":768,"column":12}},"768":{"start":{"line":769,"column":0},"end":{"line":769,"column":11}},"769":{"start":{"line":770,"column":0},"end":{"line":770,"column":28}},"770":{"start":{"line":771,"column":0},"end":{"line":771,"column":26}},"771":{"start":{"line":772,"column":0},"end":{"line":772,"column":23}},"772":{"start":{"line":773,"column":0},"end":{"line":773,"column":58}},"773":{"start":{"line":774,"column":0},"end":{"line":774,"column":23}},"774":{"start":{"line":775,"column":0},"end":{"line":775,"column":15}},"775":{"start":{"line":776,"column":0},"end":{"line":776,"column":32}},"776":{"start":{"line":777,"column":0},"end":{"line":777,"column":33}},"777":{"start":{"line":778,"column":0},"end":{"line":778,"column":30}},"778":{"start":{"line":779,"column":0},"end":{"line":779,"column":48}},"779":{"start":{"line":780,"column":0},"end":{"line":780,"column":48}},"780":{"start":{"line":781,"column":0},"end":{"line":781,"column":18}},"781":{"start":{"line":782,"column":0},"end":{"line":782,"column":40}},"782":{"start":{"line":783,"column":0},"end":{"line":783,"column":16}},"783":{"start":{"line":784,"column":0},"end":{"line":784,"column":15}},"784":{"start":{"line":785,"column":0},"end":{"line":785,"column":32}},"785":{"start":{"line":786,"column":0},"end":{"line":786,"column":33}},"786":{"start":{"line":787,"column":0},"end":{"line":787,"column":72}},"787":{"start":{"line":788,"column":0},"end":{"line":788,"column":36}},"788":{"start":{"line":789,"column":0},"end":{"line":789,"column":16}},"789":{"start":{"line":790,"column":0},"end":{"line":790,"column":14}},"790":{"start":{"line":791,"column":0},"end":{"line":791,"column":12}},"791":{"start":{"line":792,"column":0},"end":{"line":792,"column":11}},"792":{"start":{"line":793,"column":0},"end":{"line":793,"column":28}},"793":{"start":{"line":794,"column":0},"end":{"line":794,"column":24}},"794":{"start":{"line":795,"column":0},"end":{"line":795,"column":23}},"795":{"start":{"line":796,"column":0},"end":{"line":796,"column":29}},"796":{"start":{"line":797,"column":0},"end":{"line":797,"column":23}},"797":{"start":{"line":798,"column":0},"end":{"line":798,"column":15}},"798":{"start":{"line":799,"column":0},"end":{"line":799,"column":32}},"799":{"start":{"line":800,"column":0},"end":{"line":800,"column":72}},"800":{"start":{"line":801,"column":0},"end":{"line":801,"column":38}},"801":{"start":{"line":802,"column":0},"end":{"line":802,"column":16}},"802":{"start":{"line":803,"column":0},"end":{"line":803,"column":14}},"803":{"start":{"line":804,"column":0},"end":{"line":804,"column":12}},"804":{"start":{"line":805,"column":0},"end":{"line":805,"column":11}},"805":{"start":{"line":806,"column":0},"end":{"line":806,"column":28}},"806":{"start":{"line":807,"column":0},"end":{"line":807,"column":24}},"807":{"start":{"line":808,"column":0},"end":{"line":808,"column":23}},"808":{"start":{"line":809,"column":0},"end":{"line":809,"column":29}},"809":{"start":{"line":810,"column":0},"end":{"line":810,"column":23}},"810":{"start":{"line":811,"column":0},"end":{"line":811,"column":15}},"811":{"start":{"line":812,"column":0},"end":{"line":812,"column":32}},"812":{"start":{"line":813,"column":0},"end":{"line":813,"column":34}},"813":{"start":{"line":814,"column":0},"end":{"line":814,"column":32}},"814":{"start":{"line":815,"column":0},"end":{"line":815,"column":16}},"815":{"start":{"line":816,"column":0},"end":{"line":816,"column":15}},"816":{"start":{"line":817,"column":0},"end":{"line":817,"column":32}},"817":{"start":{"line":818,"column":0},"end":{"line":818,"column":34}},"818":{"start":{"line":819,"column":0},"end":{"line":819,"column":72}},"819":{"start":{"line":820,"column":0},"end":{"line":820,"column":37}},"820":{"start":{"line":821,"column":0},"end":{"line":821,"column":16}},"821":{"start":{"line":822,"column":0},"end":{"line":822,"column":14}},"822":{"start":{"line":823,"column":0},"end":{"line":823,"column":12}},"823":{"start":{"line":824,"column":0},"end":{"line":824,"column":10}},"824":{"start":{"line":825,"column":0},"end":{"line":825,"column":8}},"825":{"start":{"line":826,"column":0},"end":{"line":826,"column":6}},"826":{"start":{"line":827,"column":0},"end":{"line":827,"column":20}},"827":{"start":{"line":828,"column":0},"end":{"line":828,"column":19}},"828":{"start":{"line":829,"column":0},"end":{"line":829,"column":24}},"829":{"start":{"line":830,"column":0},"end":{"line":830,"column":4}},"832":{"start":{"line":833,"column":0},"end":{"line":833,"column":3}},"833":{"start":{"line":834,"column":0},"end":{"line":834,"column":19}},"834":{"start":{"line":835,"column":0},"end":{"line":835,"column":14}},"835":{"start":{"line":836,"column":0},"end":{"line":836,"column":18}},"836":{"start":{"line":837,"column":0},"end":{"line":837,"column":23}},"837":{"start":{"line":838,"column":0},"end":{"line":838,"column":16}},"838":{"start":{"line":839,"column":0},"end":{"line":839,"column":16}},"839":{"start":{"line":840,"column":0},"end":{"line":840,"column":30}},"840":{"start":{"line":841,"column":0},"end":{"line":841,"column":16}},"841":{"start":{"line":842,"column":0},"end":{"line":842,"column":24}},"842":{"start":{"line":843,"column":0},"end":{"line":843,"column":21}},"843":{"start":{"line":844,"column":0},"end":{"line":844,"column":19}},"844":{"start":{"line":845,"column":0},"end":{"line":845,"column":19}},"845":{"start":{"line":846,"column":0},"end":{"line":846,"column":20}},"846":{"start":{"line":847,"column":0},"end":{"line":847,"column":4}},"847":{"start":{"line":848,"column":0},"end":{"line":848,"column":3}},"848":{"start":{"line":849,"column":0},"end":{"line":849,"column":19}},"849":{"start":{"line":850,"column":0},"end":{"line":850,"column":14}},"850":{"start":{"line":851,"column":0},"end":{"line":851,"column":18}},"851":{"start":{"line":852,"column":0},"end":{"line":852,"column":23}},"852":{"start":{"line":853,"column":0},"end":{"line":853,"column":16}},"853":{"start":{"line":854,"column":0},"end":{"line":854,"column":16}},"854":{"start":{"line":855,"column":0},"end":{"line":855,"column":31}},"855":{"start":{"line":856,"column":0},"end":{"line":856,"column":48}},"856":{"start":{"line":857,"column":0},"end":{"line":857,"column":43}},"857":{"start":{"line":858,"column":0},"end":{"line":858,"column":19}},"858":{"start":{"line":859,"column":0},"end":{"line":859,"column":7}},"859":{"start":{"line":860,"column":0},"end":{"line":860,"column":22}},"860":{"start":{"line":861,"column":0},"end":{"line":861,"column":23}},"861":{"start":{"line":862,"column":0},"end":{"line":862,"column":19}},"862":{"start":{"line":863,"column":0},"end":{"line":863,"column":33}},"863":{"start":{"line":864,"column":0},"end":{"line":864,"column":27}},"864":{"start":{"line":865,"column":0},"end":{"line":865,"column":18}},"865":{"start":{"line":866,"column":0},"end":{"line":866,"column":11}},"866":{"start":{"line":867,"column":0},"end":{"line":867,"column":28}},"867":{"start":{"line":868,"column":0},"end":{"line":868,"column":24}},"868":{"start":{"line":869,"column":0},"end":{"line":869,"column":23}},"869":{"start":{"line":870,"column":0},"end":{"line":870,"column":29}},"870":{"start":{"line":871,"column":0},"end":{"line":871,"column":23}},"871":{"start":{"line":872,"column":0},"end":{"line":872,"column":15}},"872":{"start":{"line":873,"column":0},"end":{"line":873,"column":32}},"873":{"start":{"line":874,"column":0},"end":{"line":874,"column":34}},"874":{"start":{"line":875,"column":0},"end":{"line":875,"column":30}},"875":{"start":{"line":876,"column":0},"end":{"line":876,"column":48}},"876":{"start":{"line":877,"column":0},"end":{"line":877,"column":48}},"877":{"start":{"line":878,"column":0},"end":{"line":878,"column":18}},"878":{"start":{"line":879,"column":0},"end":{"line":879,"column":44}},"879":{"start":{"line":880,"column":0},"end":{"line":880,"column":16}},"880":{"start":{"line":881,"column":0},"end":{"line":881,"column":15}},"881":{"start":{"line":882,"column":0},"end":{"line":882,"column":32}},"882":{"start":{"line":883,"column":0},"end":{"line":883,"column":34}},"883":{"start":{"line":884,"column":0},"end":{"line":884,"column":30}},"884":{"start":{"line":885,"column":0},"end":{"line":885,"column":48}},"885":{"start":{"line":886,"column":0},"end":{"line":886,"column":48}},"886":{"start":{"line":887,"column":0},"end":{"line":887,"column":18}},"887":{"start":{"line":888,"column":0},"end":{"line":888,"column":72}},"888":{"start":{"line":889,"column":0},"end":{"line":889,"column":48}},"889":{"start":{"line":890,"column":0},"end":{"line":890,"column":16}},"890":{"start":{"line":891,"column":0},"end":{"line":891,"column":14}},"891":{"start":{"line":892,"column":0},"end":{"line":892,"column":12}},"892":{"start":{"line":893,"column":0},"end":{"line":893,"column":11}},"893":{"start":{"line":894,"column":0},"end":{"line":894,"column":28}},"894":{"start":{"line":895,"column":0},"end":{"line":895,"column":26}},"895":{"start":{"line":896,"column":0},"end":{"line":896,"column":23}},"896":{"start":{"line":897,"column":0},"end":{"line":897,"column":58}},"897":{"start":{"line":898,"column":0},"end":{"line":898,"column":23}},"898":{"start":{"line":899,"column":0},"end":{"line":899,"column":15}},"899":{"start":{"line":900,"column":0},"end":{"line":900,"column":32}},"900":{"start":{"line":901,"column":0},"end":{"line":901,"column":47}},"901":{"start":{"line":902,"column":0},"end":{"line":902,"column":16}},"902":{"start":{"line":903,"column":0},"end":{"line":903,"column":14}},"903":{"start":{"line":904,"column":0},"end":{"line":904,"column":12}},"904":{"start":{"line":905,"column":0},"end":{"line":905,"column":11}},"905":{"start":{"line":906,"column":0},"end":{"line":906,"column":28}},"906":{"start":{"line":907,"column":0},"end":{"line":907,"column":24}},"907":{"start":{"line":908,"column":0},"end":{"line":908,"column":23}},"908":{"start":{"line":909,"column":0},"end":{"line":909,"column":29}},"909":{"start":{"line":910,"column":0},"end":{"line":910,"column":23}},"910":{"start":{"line":911,"column":0},"end":{"line":911,"column":15}},"911":{"start":{"line":912,"column":0},"end":{"line":912,"column":32}},"912":{"start":{"line":913,"column":0},"end":{"line":913,"column":31}},"913":{"start":{"line":914,"column":0},"end":{"line":914,"column":16}},"914":{"start":{"line":915,"column":0},"end":{"line":915,"column":14}},"915":{"start":{"line":916,"column":0},"end":{"line":916,"column":12}},"916":{"start":{"line":917,"column":0},"end":{"line":917,"column":10}},"917":{"start":{"line":918,"column":0},"end":{"line":918,"column":8}},"918":{"start":{"line":919,"column":0},"end":{"line":919,"column":6}},"919":{"start":{"line":920,"column":0},"end":{"line":920,"column":19}},"920":{"start":{"line":921,"column":0},"end":{"line":921,"column":19}},"921":{"start":{"line":922,"column":0},"end":{"line":922,"column":20}},"922":{"start":{"line":923,"column":0},"end":{"line":923,"column":4}},"923":{"start":{"line":924,"column":0},"end":{"line":924,"column":3}},"924":{"start":{"line":925,"column":0},"end":{"line":925,"column":18}},"925":{"start":{"line":926,"column":0},"end":{"line":926,"column":14}},"926":{"start":{"line":927,"column":0},"end":{"line":927,"column":18}},"927":{"start":{"line":928,"column":0},"end":{"line":928,"column":22}},"928":{"start":{"line":929,"column":0},"end":{"line":929,"column":17}},"929":{"start":{"line":930,"column":0},"end":{"line":930,"column":16}},"930":{"start":{"line":931,"column":0},"end":{"line":931,"column":33}},"931":{"start":{"line":932,"column":0},"end":{"line":932,"column":16}},"932":{"start":{"line":933,"column":0},"end":{"line":933,"column":27}},"933":{"start":{"line":934,"column":0},"end":{"line":934,"column":21}},"934":{"start":{"line":935,"column":0},"end":{"line":935,"column":19}},"935":{"start":{"line":936,"column":0},"end":{"line":936,"column":19}},"936":{"start":{"line":937,"column":0},"end":{"line":937,"column":23}},"937":{"start":{"line":938,"column":0},"end":{"line":938,"column":4}},"938":{"start":{"line":939,"column":0},"end":{"line":939,"column":3}},"939":{"start":{"line":940,"column":0},"end":{"line":940,"column":18}},"940":{"start":{"line":941,"column":0},"end":{"line":941,"column":14}},"941":{"start":{"line":942,"column":0},"end":{"line":942,"column":18}},"942":{"start":{"line":943,"column":0},"end":{"line":943,"column":22}},"943":{"start":{"line":944,"column":0},"end":{"line":944,"column":16}},"944":{"start":{"line":945,"column":0},"end":{"line":945,"column":16}},"945":{"start":{"line":946,"column":0},"end":{"line":946,"column":29}},"946":{"start":{"line":947,"column":0},"end":{"line":947,"column":14}},"947":{"start":{"line":948,"column":0},"end":{"line":948,"column":39}},"948":{"start":{"line":949,"column":0},"end":{"line":949,"column":39}},"949":{"start":{"line":950,"column":0},"end":{"line":950,"column":6}},"950":{"start":{"line":951,"column":0},"end":{"line":951,"column":26}},"951":{"start":{"line":952,"column":0},"end":{"line":952,"column":21}},"952":{"start":{"line":953,"column":0},"end":{"line":953,"column":19}},"953":{"start":{"line":954,"column":0},"end":{"line":954,"column":19}},"954":{"start":{"line":955,"column":0},"end":{"line":955,"column":23}},"955":{"start":{"line":956,"column":0},"end":{"line":956,"column":4}},"958":{"start":{"line":959,"column":0},"end":{"line":959,"column":3}},"959":{"start":{"line":960,"column":0},"end":{"line":960,"column":19}},"960":{"start":{"line":961,"column":0},"end":{"line":961,"column":14}},"961":{"start":{"line":962,"column":0},"end":{"line":962,"column":18}},"962":{"start":{"line":963,"column":0},"end":{"line":963,"column":23}},"963":{"start":{"line":964,"column":0},"end":{"line":964,"column":17}},"964":{"start":{"line":965,"column":0},"end":{"line":965,"column":16}},"965":{"start":{"line":966,"column":0},"end":{"line":966,"column":31}},"966":{"start":{"line":967,"column":0},"end":{"line":967,"column":48}},"967":{"start":{"line":968,"column":0},"end":{"line":968,"column":31}},"968":{"start":{"line":969,"column":0},"end":{"line":969,"column":19}},"969":{"start":{"line":970,"column":0},"end":{"line":970,"column":7}},"970":{"start":{"line":971,"column":0},"end":{"line":971,"column":27}},"971":{"start":{"line":972,"column":0},"end":{"line":972,"column":23}},"972":{"start":{"line":973,"column":0},"end":{"line":973,"column":19}},"973":{"start":{"line":974,"column":0},"end":{"line":974,"column":36}},"974":{"start":{"line":975,"column":0},"end":{"line":975,"column":27}},"975":{"start":{"line":976,"column":0},"end":{"line":976,"column":18}},"976":{"start":{"line":977,"column":0},"end":{"line":977,"column":11}},"977":{"start":{"line":978,"column":0},"end":{"line":978,"column":33}},"978":{"start":{"line":979,"column":0},"end":{"line":979,"column":26}},"979":{"start":{"line":980,"column":0},"end":{"line":980,"column":23}},"980":{"start":{"line":981,"column":0},"end":{"line":981,"column":29}},"981":{"start":{"line":982,"column":0},"end":{"line":982,"column":23}},"982":{"start":{"line":983,"column":0},"end":{"line":983,"column":15}},"983":{"start":{"line":984,"column":0},"end":{"line":984,"column":32}},"984":{"start":{"line":985,"column":0},"end":{"line":985,"column":34}},"985":{"start":{"line":986,"column":0},"end":{"line":986,"column":72}},"986":{"start":{"line":987,"column":0},"end":{"line":987,"column":38}},"987":{"start":{"line":988,"column":0},"end":{"line":988,"column":16}},"988":{"start":{"line":989,"column":0},"end":{"line":989,"column":15}},"989":{"start":{"line":990,"column":0},"end":{"line":990,"column":32}},"990":{"start":{"line":991,"column":0},"end":{"line":991,"column":34}},"991":{"start":{"line":992,"column":0},"end":{"line":992,"column":30}},"992":{"start":{"line":993,"column":0},"end":{"line":993,"column":48}},"993":{"start":{"line":994,"column":0},"end":{"line":994,"column":50}},"994":{"start":{"line":995,"column":0},"end":{"line":995,"column":18}},"995":{"start":{"line":996,"column":0},"end":{"line":996,"column":44}},"996":{"start":{"line":997,"column":0},"end":{"line":997,"column":16}},"997":{"start":{"line":998,"column":0},"end":{"line":998,"column":14}},"998":{"start":{"line":999,"column":0},"end":{"line":999,"column":12}},"999":{"start":{"line":1000,"column":0},"end":{"line":1000,"column":11}},"1000":{"start":{"line":1001,"column":0},"end":{"line":1001,"column":33}},"1001":{"start":{"line":1002,"column":0},"end":{"line":1002,"column":26}},"1002":{"start":{"line":1003,"column":0},"end":{"line":1003,"column":23}},"1003":{"start":{"line":1004,"column":0},"end":{"line":1004,"column":29}},"1004":{"start":{"line":1005,"column":0},"end":{"line":1005,"column":23}},"1005":{"start":{"line":1006,"column":0},"end":{"line":1006,"column":15}},"1006":{"start":{"line":1007,"column":0},"end":{"line":1007,"column":32}},"1007":{"start":{"line":1008,"column":0},"end":{"line":1008,"column":30}},"1008":{"start":{"line":1009,"column":0},"end":{"line":1009,"column":48}},"1009":{"start":{"line":1010,"column":0},"end":{"line":1010,"column":47}},"1010":{"start":{"line":1011,"column":0},"end":{"line":1011,"column":18}},"1011":{"start":{"line":1012,"column":0},"end":{"line":1012,"column":40}},"1012":{"start":{"line":1013,"column":0},"end":{"line":1013,"column":16}},"1013":{"start":{"line":1014,"column":0},"end":{"line":1014,"column":14}},"1014":{"start":{"line":1015,"column":0},"end":{"line":1015,"column":12}},"1015":{"start":{"line":1016,"column":0},"end":{"line":1016,"column":11}},"1016":{"start":{"line":1017,"column":0},"end":{"line":1017,"column":33}},"1017":{"start":{"line":1018,"column":0},"end":{"line":1018,"column":26}},"1018":{"start":{"line":1019,"column":0},"end":{"line":1019,"column":23}},"1019":{"start":{"line":1020,"column":0},"end":{"line":1020,"column":29}},"1020":{"start":{"line":1021,"column":0},"end":{"line":1021,"column":23}},"1021":{"start":{"line":1022,"column":0},"end":{"line":1022,"column":15}},"1022":{"start":{"line":1023,"column":0},"end":{"line":1023,"column":32}},"1023":{"start":{"line":1024,"column":0},"end":{"line":1024,"column":33}},"1024":{"start":{"line":1025,"column":0},"end":{"line":1025,"column":16}},"1025":{"start":{"line":1026,"column":0},"end":{"line":1026,"column":14}},"1026":{"start":{"line":1027,"column":0},"end":{"line":1027,"column":12}},"1027":{"start":{"line":1028,"column":0},"end":{"line":1028,"column":10}},"1028":{"start":{"line":1029,"column":0},"end":{"line":1029,"column":8}},"1029":{"start":{"line":1030,"column":0},"end":{"line":1030,"column":6}},"1030":{"start":{"line":1031,"column":0},"end":{"line":1031,"column":20}},"1031":{"start":{"line":1032,"column":0},"end":{"line":1032,"column":19}},"1032":{"start":{"line":1033,"column":0},"end":{"line":1033,"column":20}},"1033":{"start":{"line":1034,"column":0},"end":{"line":1034,"column":4}},"1034":{"start":{"line":1035,"column":0},"end":{"line":1035,"column":3}},"1035":{"start":{"line":1036,"column":0},"end":{"line":1036,"column":19}},"1036":{"start":{"line":1037,"column":0},"end":{"line":1037,"column":14}},"1037":{"start":{"line":1038,"column":0},"end":{"line":1038,"column":18}},"1038":{"start":{"line":1039,"column":0},"end":{"line":1039,"column":23}},"1039":{"start":{"line":1040,"column":0},"end":{"line":1040,"column":16}},"1040":{"start":{"line":1041,"column":0},"end":{"line":1041,"column":16}},"1041":{"start":{"line":1042,"column":0},"end":{"line":1042,"column":31}},"1042":{"start":{"line":1043,"column":0},"end":{"line":1043,"column":14}},"1043":{"start":{"line":1044,"column":0},"end":{"line":1044,"column":38}},"1044":{"start":{"line":1045,"column":0},"end":{"line":1045,"column":39}},"1045":{"start":{"line":1046,"column":0},"end":{"line":1046,"column":6}},"1046":{"start":{"line":1047,"column":0},"end":{"line":1047,"column":31}},"1047":{"start":{"line":1048,"column":0},"end":{"line":1048,"column":21}},"1048":{"start":{"line":1049,"column":0},"end":{"line":1049,"column":19}},"1049":{"start":{"line":1050,"column":0},"end":{"line":1050,"column":19}},"1050":{"start":{"line":1051,"column":0},"end":{"line":1051,"column":20}},"1051":{"start":{"line":1052,"column":0},"end":{"line":1052,"column":4}},"1052":{"start":{"line":1053,"column":0},"end":{"line":1053,"column":3}},"1053":{"start":{"line":1054,"column":0},"end":{"line":1054,"column":18}},"1054":{"start":{"line":1055,"column":0},"end":{"line":1055,"column":14}},"1055":{"start":{"line":1056,"column":0},"end":{"line":1056,"column":18}},"1056":{"start":{"line":1057,"column":0},"end":{"line":1057,"column":22}},"1057":{"start":{"line":1058,"column":0},"end":{"line":1058,"column":17}},"1058":{"start":{"line":1059,"column":0},"end":{"line":1059,"column":16}},"1059":{"start":{"line":1060,"column":0},"end":{"line":1060,"column":30}},"1060":{"start":{"line":1061,"column":0},"end":{"line":1061,"column":14}},"1061":{"start":{"line":1062,"column":0},"end":{"line":1062,"column":39}},"1062":{"start":{"line":1063,"column":0},"end":{"line":1063,"column":39}},"1063":{"start":{"line":1064,"column":0},"end":{"line":1064,"column":6}},"1064":{"start":{"line":1065,"column":0},"end":{"line":1065,"column":24}},"1065":{"start":{"line":1066,"column":0},"end":{"line":1066,"column":21}},"1066":{"start":{"line":1067,"column":0},"end":{"line":1067,"column":19}},"1067":{"start":{"line":1068,"column":0},"end":{"line":1068,"column":19}},"1068":{"start":{"line":1069,"column":0},"end":{"line":1069,"column":20}},"1069":{"start":{"line":1070,"column":0},"end":{"line":1070,"column":4}},"1070":{"start":{"line":1071,"column":0},"end":{"line":1071,"column":3}},"1071":{"start":{"line":1072,"column":0},"end":{"line":1072,"column":18}},"1072":{"start":{"line":1073,"column":0},"end":{"line":1073,"column":14}},"1073":{"start":{"line":1074,"column":0},"end":{"line":1074,"column":18}},"1074":{"start":{"line":1075,"column":0},"end":{"line":1075,"column":22}},"1075":{"start":{"line":1076,"column":0},"end":{"line":1076,"column":17}},"1076":{"start":{"line":1077,"column":0},"end":{"line":1077,"column":16}},"1077":{"start":{"line":1078,"column":0},"end":{"line":1078,"column":33}},"1078":{"start":{"line":1079,"column":0},"end":{"line":1079,"column":16}},"1079":{"start":{"line":1080,"column":0},"end":{"line":1080,"column":22}},"1080":{"start":{"line":1081,"column":0},"end":{"line":1081,"column":21}},"1081":{"start":{"line":1082,"column":0},"end":{"line":1082,"column":19}},"1082":{"start":{"line":1083,"column":0},"end":{"line":1083,"column":19}},"1083":{"start":{"line":1084,"column":0},"end":{"line":1084,"column":20}},"1084":{"start":{"line":1085,"column":0},"end":{"line":1085,"column":4}},"1087":{"start":{"line":1088,"column":0},"end":{"line":1088,"column":3}},"1088":{"start":{"line":1089,"column":0},"end":{"line":1089,"column":19}},"1089":{"start":{"line":1090,"column":0},"end":{"line":1090,"column":14}},"1090":{"start":{"line":1091,"column":0},"end":{"line":1091,"column":18}},"1091":{"start":{"line":1092,"column":0},"end":{"line":1092,"column":23}},"1092":{"start":{"line":1093,"column":0},"end":{"line":1093,"column":17}},"1093":{"start":{"line":1094,"column":0},"end":{"line":1094,"column":16}},"1094":{"start":{"line":1095,"column":0},"end":{"line":1095,"column":29}},"1095":{"start":{"line":1096,"column":0},"end":{"line":1096,"column":48}},"1096":{"start":{"line":1097,"column":0},"end":{"line":1097,"column":27}},"1097":{"start":{"line":1098,"column":0},"end":{"line":1098,"column":19}},"1098":{"start":{"line":1099,"column":0},"end":{"line":1099,"column":7}},"1099":{"start":{"line":1100,"column":0},"end":{"line":1100,"column":27}},"1100":{"start":{"line":1101,"column":0},"end":{"line":1101,"column":21}},"1101":{"start":{"line":1102,"column":0},"end":{"line":1102,"column":19}},"1102":{"start":{"line":1103,"column":0},"end":{"line":1103,"column":31}},"1103":{"start":{"line":1104,"column":0},"end":{"line":1104,"column":28}},"1104":{"start":{"line":1105,"column":0},"end":{"line":1105,"column":18}},"1105":{"start":{"line":1106,"column":0},"end":{"line":1106,"column":11}},"1106":{"start":{"line":1107,"column":0},"end":{"line":1107,"column":33}},"1107":{"start":{"line":1108,"column":0},"end":{"line":1108,"column":26}},"1108":{"start":{"line":1109,"column":0},"end":{"line":1109,"column":24}},"1109":{"start":{"line":1110,"column":0},"end":{"line":1110,"column":27}},"1110":{"start":{"line":1111,"column":0},"end":{"line":1111,"column":44}},"1111":{"start":{"line":1112,"column":0},"end":{"line":1112,"column":51}},"1112":{"start":{"line":1113,"column":0},"end":{"line":1113,"column":14}},"1113":{"start":{"line":1114,"column":0},"end":{"line":1114,"column":23}},"1114":{"start":{"line":1115,"column":0},"end":{"line":1115,"column":15}},"1115":{"start":{"line":1116,"column":0},"end":{"line":1116,"column":32}},"1116":{"start":{"line":1117,"column":0},"end":{"line":1117,"column":33}},"1117":{"start":{"line":1118,"column":0},"end":{"line":1118,"column":30}},"1118":{"start":{"line":1119,"column":0},"end":{"line":1119,"column":48}},"1119":{"start":{"line":1120,"column":0},"end":{"line":1120,"column":50}},"1120":{"start":{"line":1121,"column":0},"end":{"line":1121,"column":18}},"1121":{"start":{"line":1122,"column":0},"end":{"line":1122,"column":47}},"1122":{"start":{"line":1123,"column":0},"end":{"line":1123,"column":16}},"1123":{"start":{"line":1124,"column":0},"end":{"line":1124,"column":15}},"1124":{"start":{"line":1125,"column":0},"end":{"line":1125,"column":32}},"1125":{"start":{"line":1126,"column":0},"end":{"line":1126,"column":33}},"1126":{"start":{"line":1127,"column":0},"end":{"line":1127,"column":38}},"1127":{"start":{"line":1128,"column":0},"end":{"line":1128,"column":47}},"1128":{"start":{"line":1129,"column":0},"end":{"line":1129,"column":16}},"1129":{"start":{"line":1130,"column":0},"end":{"line":1130,"column":14}},"1130":{"start":{"line":1131,"column":0},"end":{"line":1131,"column":12}},"1131":{"start":{"line":1132,"column":0},"end":{"line":1132,"column":11}},"1132":{"start":{"line":1133,"column":0},"end":{"line":1133,"column":33}},"1133":{"start":{"line":1134,"c
[...]
":1}}},"s":{"0":0,"1":0,"2":0,"3":0,"4":0,"5":0,"6":0,"7":0,"8":0,"9":0,"10":0,"11":0,"12":0,"13":0,"14":0,"15":0,"16":0,"17":0,"18":0,"19":0,"20":0,"21":0,"22":0,"23":0,"24":0,"25":0,"26":0,"27":0,"28":0,"29":0,"30":0,"31":0,"32":0,"33":0,"34":0,"35":0,"36":0,"37":0,"38":0,"39":0,"40":0,"41":0,"42":0,"43":0,"44":0,"45":0,"46":0,"47":0,"48":0,"49":0,"50":0,"51":0,"52":0,"53":0,"54":0,"55":0,"56":0,"57":0,"58":0,"59":0,"60":0,"61":0,"62":0,"63":0,"64":0,"65":0,"66":0,"67":0,"68":0,"69":0,"70":0,"71":0,"72":0,"73":0,"74":0,"75":0,"76":0,"77":0,"78":0,"79":0,"80":0,"81":0,"82":0,"83":0,"84":0,"85":0,"86":0,"87":0,"88":0,"89":0,"90":0,"91":0,"92":0,"93":0,"94":0,"95":0,"96":0,"97":0,"98":0,"99":0,"100":0,"101":0,"102":0,"103":0,"104":0,"105":0,"106":0,"107":0,"108":0,"109":0,"110":0,"111":0,"112":0,"113":0,"114":0,"115":0,"116":0,"117":0,"118":0,"119":0,"120":0,"121":0,"122":0,"123":0,"124":0,"125":0,"126":0,"127":0,"128":0,"129":0,"130":0,"131":0,"132":0,"133":0,"134":0,"135":0,"136":0,"137":0,"138":0,"139":0,"140":0,"141":0,"142":0,"143":0,"144":0,"145":0,"146":0,"147":0,"148":0,"149":0,"150":0,"151":0,"152":0,"153":0,"154":0,"155":0,"156":0,"157":0,"158":0,"159":0,"160":0,"161":0,"162":0,"163":0,"164":0,"165":0,"166":0,"167":0,"168":0,"169":0,"170":0,"171":0,"172":0,"173":0,"174":0,"175":0,"176":0,"177":0,"178":0,"179":0,"180":0,"181":0,"182":0,"183":0,"184":0,"185":0,"186":0,"187":0,"188":0,"189":0,"190":0,"191":0,"192":0,"193":0,"194":0,"195":0,"196":0,"197":0,"198":0,"199":0,"200":0,"201":0,"202":0,"203":0,"204":0,"205":0,"206":0,"207":0,"208":0,"209":0,"210":0,"211":0,"212":0,"213":0,"214":0,"215":0,"216":0,"217":0,"218":0,"219":0,"220":0,"221":0,"222":0,"223":0,"224":0,"225":0,"226":0,"227":0,"228":0,"229":0,"230":0,"231":0,"232":0,"233":0,"234":0,"235":0,"236":0,"237":0,"238":0,"239":0,"240":0,"241":0},"branchMap":{"0":{"type":"branch","line":1,"loc":{"start":{"line":1,"column":0},"end":{"line":242,"column":1}},"locations":[{"start":{"line":1,"column":0},"end":{"line":242,"column":1}}]}},"b":{"0":[0]},"fnMap":{"0":{"name":"(empty-report)","decl":{"start":{"line":1,"column":0},"end":{"line":242,"column":1}},"loc":{"start":{"line":1,"column":0},"end":{"line":242,"column":1}},"line":1}},"f":{"0":0}}
,"/mnt/c/Users/何鑫城/Desktop/CardLand/src/engine/inventory.ts": {"path":"/mnt/c/Users/何鑫城/Desktop/CardLand/src/engine/inventory.ts","all":true,"statementMap":{"0":{"start":{"line":1,"column":0},"end":{"line":1,"column":51}},"1":{"start":{"line":2,"column":0},"end":{"line":2,"column":38}},"2":{"start":{"line":3,"column":0},"end":{"line":3,"column":0}},"3":{"start":{"line":4,"column":0},"end":{"line":4,"column":63}},"4":{"start":{"line":5,"column":0},"end":{"line":5,"column":8}},"5":{"start":{"line":6,"column":0},"end":{"line":6,"column":63}},"6":{"start":{"line":7,"column":0},"end":{"line":7,"column":0}},"7":{"start":{"line":8,"column":0},"end":{"line":8,"column":32}},"8":{"start":{"line":9,"column":0},"end":{"line":9,"column":17}},"9":{"start":{"line":10,"column":0},"end":{"line":10,"column":19}},"10":{"start":{"line":11,"column":0},"end":{"line":11,"column":1}},"11":{"start":{"line":12,"column":0},"end":{"line":12,"column":0}},"12":{"start":{"line":13,"column":0},"end":{"line":13,"column":36}},"13":{"start":{"line":14,"column":0},"end":{"line":14,"column":16}},"14":{"start":{"line":15,"column":0},"end":{"line":15,"column":34}},"15":{"start":{"line":16,"column":0},"end":{"line":16,"column":19}},"16":{"start":{"line":17,"column":0},"end":{"line":17,"column":18}},"17":{"start":{"line":18,"column":0},"end":{"line":18,"column":1}},"18":{"start":{"line":19,"column":0},"end":{"line":19,"column":0}},"19":{"start":{"line":20,"column":0},"end":{"line":20,"column":32}},"20":{"start":{"line":21,"column":0},"end":{"line":21,"column":29}},"21":{"start":{"line":22,"column":0},"end":{"line":22,"column":66}},"22":{"start":{"line":23,"column":0},"end":{"line":23,"column":1}},"23":{"start":{"line":24,"column":0},"end":{"line":24,"column":0}},"24":{"start":{"line":25,"column":0},"end":{"line":25,"column":63}},"25":{"start":{"line":26,"column":0},"end":{"line":26,"column":43}},"26":{"start":{"line":27,"column":0},"end":{"line":27,"column":63}},"27":{"start":{"line":28,"column":0},"end":{"line":28,"column":0}},"28":{"start":{"line":29,"column":0},"end":{"line":29,"column":44}},"29":{"start":{"line":30,"column":0},"end":{"line":30,"column":27}},"30":{"start":{"line":31,"column":0},"end":{"line":31,"column":26}},"31":{"start":{"line":32,"column":0},"end":{"line":32,"column":1}},"32":{"start":{"line":33,"column":0},"end":{"line":33,"column":0}},"33":{"start":{"line":34,"column":0},"end":{"line":34,"column":65}},"34":{"start":{"line":35,"column":0},"end":{"line":35,"column":25}},"35":{"start":{"line":36,"column":0},"end":{"line":36,"column":1}},"36":{"start":{"line":37,"column":0},"end":{"line":37,"column":0}},"37":{"start":{"line":38,"column":0},"end":{"line":38,"column":63}},"38":{"start":{"line":39,"column":0},"end":{"line":39,"column":18}},"39":{"start":{"line":40,"column":0},"end":{"line":40,"column":63}},"40":{"start":{"line":41,"column":0},"end":{"line":41,"column":0}},"41":{"start":{"line":42,"column":0},"end":{"line":42,"column":3}},"42":{"start":{"line":43,"column":0},"end":{"line":43,"column":52}},"43":{"start":{"line":44,"column":0},"end":{"line":44,"column":35}},"44":{"start":{"line":45,"column":0},"end":{"line":45,"column":3}},"45":{"start":{"line":46,"column":0},"end":{"line":46,"column":69}},"46":{"start":{"line":47,"column":0},"end":{"line":47,"column":16}},"47":{"start":{"line":48,"column":0},"end":{"line":48,"column":33}},"48":{"start":{"line":49,"column":0},"end":{"line":49,"column":37}},"49":{"start":{"line":50,"column":0},"end":{"line":50,"column":14}},"50":{"start":{"line":51,"column":0},"end":{"line":51,"column":42}},"51":{"start":{"line":52,"column":0},"end":{"line":52,"column":5}},"52":{"start":{"line":53,"column":0},"end":{"line":53,"column":3}},"53":{"start":{"line":54,"column":0},"end":{"line":54,"column":15}},"54":{"start":{"line":55,"column":0},"end":{"line":55,"column":1}},"55":{"start":{"line":56,"column":0},"end":{"line":56,"column":0}},"56":{"start":{"line":57,"column":0},"end":{"line":57,"column":63}},"57":{"start":{"line":58,"column":0},"end":{"line":58,"column":19}},"58":{"start":{"line":59,"column":0},"end":{"line":59,"column":63}},"59":{"start":{"line":60,"column":0},"end":{"line":60,"column":0}},"60":{"start":{"line":61,"column":0},"end":{"line":61,"column":3}},"61":{"start":{"line":62,"column":0},"end":{"line":62,"column":60}},"62":{"start":{"line":63,"column":0},"end":{"line":63,"column":66}},"63":{"start":{"line":64,"column":0},"end":{"line":64,"column":3}},"64":{"start":{"line":65,"column":0},"end":{"line":65,"column":33}},"65":{"start":{"line":66,"column":0},"end":{"line":66,"column":29}},"66":{"start":{"line":67,"column":0},"end":{"line":67,"column":26}},"67":{"start":{"line":68,"column":0},"end":{"line":68,"column":22}},"68":{"start":{"line":69,"column":0},"end":{"line":69,"column":44}},"69":{"start":{"line":70,"column":0},"end":{"line":70,"column":35}},"70":{"start":{"line":71,"column":0},"end":{"line":71,"column":0}},"71":{"start":{"line":72,"column":0},"end":{"line":72,"column":38}},"72":{"start":{"line":73,"column":0},"end":{"line":73,"column":23}},"73":{"start":{"line":74,"column":0},"end":{"line":74,"column":22}},"74":{"start":{"line":75,"column":0},"end":{"line":75,"column":0}},"75":{"start":{"line":76,"column":0},"end":{"line":76,"column":21}},"76":{"start":{"line":77,"column":0},"end":{"line":77,"column":16}},"77":{"start":{"line":78,"column":0},"end":{"line":78,"column":19}},"78":{"start":{"line":79,"column":0},"end":{"line":79,"column":16}},"79":{"start":{"line":80,"column":0},"end":{"line":80,"column":28}},"80":{"start":{"line":81,"column":0},"end":{"line":81,"column":16}},"81":{"start":{"line":82,"column":0},"end":{"line":82,"column":19}},"82":{"start":{"line":83,"column":0},"end":{"line":83,"column":18}},"83":{"start":{"line":84,"column":0},"end":{"line":84,"column":25}},"84":{"start":{"line":85,"column":0},"end":{"line":85,"column":16}},"85":{"start":{"line":86,"column":0},"end":{"line":86,"column":19}},"86":{"start":{"line":87,"column":0},"end":{"line":87,"column":18}},"87":{"start":{"line":88,"column":0},"end":{"line":88,"column":10}},"88":{"start":{"line":89,"column":0},"end":{"line":89,"column":16}},"89":{"start":{"line":90,"column":0},"end":{"line":90,"column":20}},"90":{"start":{"line":91,"column":0},"end":{"line":91,"column":23}},"91":{"start":{"line":92,"column":0},"end":{"line":92,"column":3}},"92":{"start":{"line":93,"column":0},"end":{"line":93,"column":0}},"93":{"start":{"line":94,"column":0},"end":{"line":94,"column":43}},"94":{"start":{"line":95,"column":0},"end":{"line":95,"column":1}},"95":{"start":{"line":96,"column":0},"end":{"line":96,"column":0}},"96":{"start":{"line":97,"column":0},"end":{"line":97,"column":63}},"97":{"start":{"line":98,"column":0},"end":{"line":98,"column":10}},"98":{"start":{"line":99,"column":0},"end":{"line":99,"column":63}},"99":{"start":{"line":100,"column":0},"end":{"line":100,"column":0}},"100":{"start":{"line":101,"column":0},"end":{"line":101,"column":3}},"101":{"start":{"line":102,"column":0},"end":{"line":102,"column":51}},"102":{"start":{"line":103,"column":0},"end":{"line":103,"column":62}},"103":{"start":{"line":104,"column":0},"end":{"line":104,"column":56}},"104":{"start":{"line":105,"column":0},"end":{"line":105,"column":3}},"105":{"start":{"line":106,"column":0},"end":{"line":106,"column":24}},"106":{"start":{"line":107,"column":0},"end":{"line":107,"column":29}},"107":{"start":{"line":108,"column":0},"end":{"line":108,"column":17}},"108":{"start":{"line":109,"column":0},"end":{"line":109,"column":19}},"109":{"start":{"line":110,"column":0},"end":{"line":110,"column":20}},"110":{"start":{"line":111,"column":0},"end":{"line":111,"column":22}},"111":{"start":{"line":112,"column":0},"end":{"line":112,"column":26}},"112":{"start":{"line":113,"column":0},"end":{"line":113,"column":3}},"113":{"start":{"line":114,"column":0},"end":{"line":114,"column":0}},"114":{"start":{"line":115,"column":0},"end":{"line":115,"column":30}},"115":{"start":{"line":116,"column":0},"end":{"line":116,"column":13}},"116":{"start":{"line":117,"column":0},"end":{"line":117,"column":26}},"117":{"start":{"line":118,"column":0},"end":{"line":118,"column":3}},"118":{"start":{"line":119,"column":0},"end":{"line":119,"column":0}},"119":{"start":{"line":120,"column":0},"end":{"line":120,"column":50}},"120":{"start":{"line":121,"column":0},"end":{"line":121,"column":27}},"121":{"start":{"line":122,"column":0},"end":{"line":122,"column":0}},"122":{"start":{"line":123,"column":0},"end":{"line":123,"column":58}},"123":{"start":{"line":124,"column":0},"end":{"line":124,"column":30}},"124":{"start":{"line":125,"column":0},"end":{"line":125,"column":67}},"125":{"start":{"line":126,"column":0},"end":{"line":126,"column":51}},"126":{"start":{"line":127,"column":0},"end":{"line":127,"column":47}},"127":{"start":{"line":128,"column":0},"end":{"line":128,"column":29}},"128":{"start":{"line":129,"column":0},"end":{"line":129,"column":25}},"129":{"start":{"line":130,"column":0},"end":{"line":130,"column":32}},"130":{"start":{"line":131,"column":0},"end":{"line":131,"column":5}},"131":{"start":{"line":132,"column":0},"end":{"line":132,"column":3}},"132":{"start":{"line":133,"column":0},"end":{"line":133,"column":0}},"133":{"start":{"line":134,"column":0},"end":{"line":134,"column":47}},"134":{"start":{"line":135,"column":0},"end":{"line":135,"column":25}},"135":{"start":{"line":136,"column":0},"end":{"line":136,"column":54}},"136":{"start":{"line":137,"column":0},"end":{"line":137,"column":45}},"137":{"start":{"line":138,"column":0},"end":{"line":138,"column":23}},"138":{"start":{"line":139,"column":0},"end":{"line":139,"column":3}},"139":{"start":{"line":140,"column":0},"end":{"line":140,"column":0}},"140":{"start":{"line":141,"column":0},"end":{"line":141,"column":16}},"141":{"start":{"line":142,"column":0},"end":{"line":142,"column":1}},"142":{"start":{"line":143,"column":0},"end":{"line":143,"column":0}},"143":{"start":{"line":144,"column":0},"end":{"line":144,"column":63}},"144":{"start":{"line":145,"column":0},"end":{"line":145,"column":13}},"145":{"start":{"line":146,"column":0},"end":{"line":146,"column":63}},"146":{"start":{"line":147,"column":0},"end":{"line":147,"column":0}},"147":{"start":{"line":148,"column":0},"end":{"line":148,"column":3}},"148":{"start":{"line":149,"column":0},"end":{"line":149,"column":31}},"149":{"start":{"line":150,"column":0},"end":{"line":150,"column":61}},"150":{"start":{"line":151,"column":0},"end":{"line":151,"column":35}},"151":{"start":{"line":152,"column":0},"end":{"line":152,"column":56}},"152":{"start":{"line":153,"column":0},"end":{"line":153,"column":3}},"153":{"start":{"line":154,"column":0},"end":{"line":154,"column":27}},"154":{"start":{"line":155,"column":0},"end":{"line":155,"column":29}},"155":{"start":{"line":156,"column":0},"end":{"line":156,"column":17}},"156":{"start":{"line":157,"column":0},"end":{"line":157,"column":19}},"157":{"start":{"line":158,"column":0},"end":{"line":158,"column":20}},"158":{"start":{"line":159,"column":0},"end":{"line":159,"column":22}},"159":{"start":{"line":160,"column":0},"end":{"line":160,"column":26}},"160":{"start":{"line":161,"column":0},"end":{"line":161,"column":3}},"161":{"start":{"line":162,"column":0},"end":{"line":162,"column":0}},"162":{"start":{"line":163,"column":0},"end":{"line":163,"column":50}},"163":{"start":{"line":164,"column":0},"end":{"line":164,"column":27}},"164":{"start":{"line":165,"column":0},"end":{"line":165,"column":0}},"165":{"start":{"line":166,"column":0},"end":{"line":166,"column":26}},"166":{"start":{"line":167,"column":0},"end":{"line":167,"column":48}},"167":{"start":{"line":168,"column":0},"end":{"line":168,"column":38}},"168":{"start":{"line":169,"column":0},"end":{"line":169,"column":63}},"169":{"start":{"line":170,"column":0},"end":{"line":170,"column":37}},"170":{"start":{"line":171,"column":0},"end":{"line":171,"column":28}},"171":{"start":{"line":172,"column":0},"end":{"line":172,"column":32}},"172":{"start":{"line":173,"column":0},"end":{"line":173,"column":5}},"173":{"start":{"line":174,"column":0},"end":{"line":174,"column":3}},"174":{"start":{"line":175,"column":0},"end":{"line":175,"column":0}},"175":{"start":{"line":176,"column":0},"end":{"line":176,"column":22}},"176":{"start":{"line":177,"column":0},"end":{"line":177,"column":57}},"177":{"start":{"line":178,"column":0},"end":{"line":178,"column":3}},"178":{"start":{"line":179,"column":0},"end":{"line":179,"column":0}},"179":{"start":{"line":180,"column":0},"end":{"line":180,"column":27}},"180":{"start":{"line":181,"column":0},"end":{"line":181,"column":46}},"181":{"start":{"line":182,"column":0},"end":{"line":182,"column":1}},"182":{"start":{"line":183,"column":0},"end":{"line":183,"column":0}},"183":{"start":{"line":184,"column":0},"end":{"line":184,"column":63}},"184":{"start":{"line":185,"column":0},"end":{"line":185,"column":10}},"185":{"start":{"line":186,"column":0},"end":{"line":186,"column":63}},"186":{"start":{"line":187,"column":0},"end":{"line":187,"column":0}},"187":{"start":{"line":188,"column":0},"end":{"line":188,"column":3}},"188":{"start":{"line":189,"column":0},"end":{"line":189,"column":75}},"189":{"start":{"line":190,"column":0},"end":{"line":190,"column":16}},"190":{"start":{"line":191,"column":0},"end":{"line":191,"column":15}},"191":{"start":{"line":192,"column":0},"end":{"line":192,"column":23}},"192":{"start":{"line":193,"column":0},"end":{"line":193,"column":51}},"193":{"start":{"line":194,"column":0},"end":{"line":194,"column":3}},"194":{"start":{"line":195,"column":0},"end":{"line":195,"column":24}},"195":{"start":{"line":196,"column":0},"end":{"line":196,"column":29}},"196":{"start":{"line":197,"column":0},"end":{"line":197,"column":17}},"197":{"start":{"line":198,"column":0},"end":{"line":198,"column":18}},"198":{"start":{"line":199,"column":0},"end":{"line":199,"column":57}},"199":{"start":{"line":200,"column":0},"end":{"line":200,"column":0}},"200":{"start":{"line":201,"column":0},"end":{"line":201,"column":47}},"201":{"start":{"line":202,"column":0},"end":{"line":202,"column":0}},"202":{"start":{"line":203,"column":0},"end":{"line":203,"column":55}},"203":{"start":{"line":204,"column":0},"end":{"line":204,"column":1}},"204":{"start":{"line":205,"column":0},"end":{"line":205,"column":0}},"205":{"start":{"line":206,"column":0},"end":{"line":206,"column":3}},"206":{"start":{"line":207,"column":0},"end":{"line":207,"column":51}},"207":{"start":{"line":208,"column":0},"end":{"line":208,"column":3}},"208":{"start":{"line":209,"column":0},"end":{"line":209,"column":22}},"209":{"start":{"line":210,"column":0},"end":{"line":210,"column":17}},"210":{"start":{"line":211,"column":0},"end":{"line":211,"column":51}},"211":{"start":{"line":212,"column":0},"end":{"line":212,"column":19}},"212":{"start":{"line":213,"column":0},"end":{"line":213,"column":14}},"213":{"start":{"line":214,"column":0},"end":{"line":214,"column":47}},"214":{"start":{"line":215,"column":0},"end":{"line":215,"column":13}},"215":{"start":{"line":216,"column":0},"end":{"line":216,"column":47}},"216":{"start":{"line":217,"column":0},"end":{"line":217,"column":14}},"217":{"start":{"line":218,"column":0},"end":{"line":218,"column":15}},"218":{"start":{"line":219,"column":0},"end":{"line":219,"column":14}},"219":{"start":{"line":220,"column":0},"end":{"line":220,"column":47}},"220":{"start":{"line":221,"column":0},"end":{"line":221,"column":12}},"221":{"start":{"line":222,"column":0},"end":{"line":222,"column":18}},"222":{"start":{"line":223,"column":0},"end":{"line":223,"column":3}},"223":{"start":{"line":224,"column":0},"end":{"line":224,"column":1}}},"s":{"0":0,"1":0,"2":0,"3":0,"4":0,"5":0,"6":0,"7":0,"8":0,"9":0,"10":0,"11":0,"12":0,"13":0,"14":0,"15":0,"16":0,"17":0,"18":0,"19":0,"20":0,"21":0,"22":0,"23":0,"24":0,"25":0,"26":0,"27":0,"28":0,"29":0,"30":0,"31":0,"32":0,"33":0,"34":0,"35":0,"36":0,"37":0,"38":0,"39":0,"40":0,"41":0,"42":0,"43":0,"44":0,"45":0,"46":0,"47":0,"48":0,"49":0,"50":0,"51":0,"52":0,"53":0,"54":0,"55":0,"56":0,"57":0,"58":0,"59":0,"60":0,"61":0,"62":0,"63":0,"64":0,"65":0,"66":0,"67":0,"68":0,"69":0,"70":0,"71":0,"72":0,"73":0,"74":0,"75":0,"76":0,"77":0,"78":0,"79":0,"80":0,"81":0,"82":0,"83":0,"84":0,"85":0,"86":0,"87":0,"88":0,"89":0,"90":0,"91":0,"92":0,"93":0,"94":0,"95":0,"96":0,"97":0,"98":0,"99":0,"100":0,"101":0,"102":0,"103":0,"104":0,"105":0,"106":0,"107":0,"108":0,"109":0,"110":0,"111":0,"112":0,"113":0,"114":0,"115":0,"116":0,"117":0,"118":0,"119":0,"120":0,"121":0,"122":0,"123":0,"124":0,"125":0,"126":0,"127":0,"128":0,"129":0,"130":0,"131":0,"132":0,"133":0,"134":0,"135":0,"136":0,"137":0,"138":0,"139":0,"140":0,"141":0,"142":0,"143":0,"144":0,"145":0,"146":0,"147":0,"148":0,"149":0,"150":0,"151":0,"152":0,"153":0,"154":0,"155":0,"156":0,"157":0,"158":0,"159":0,"160":0,"161":0,"162":0,"163":0,"164":0,"165":0,"166":0,"167":0,"168":0,"169":0,"170":0,"171":0,"172":0,"173":0,"174":0,"175":0,"176":0,"177":0,"178":0,"179":0,"180":0,"181":0,"182":0,"183":0,"184":0,"185":0,"186":0,"187":0,"188":0,"189":0,"190":0,"191":0,"192":0,"193":0,"194":0,"195":0,"196":0,"197":0,"198":0,"199":0,"200":0,"201":0,"202":0,"203":0,"204":0,"205":0,"206":0,"207":0,"208":0,"209":0,"210":0,"211":0,"212":0,"213":0,"214":0,"215":0,"216":0,"217":0,"218":0,"219":0,"220":0,"221":0,"222":0,"223":0},"branchMap":{"0":{"type":"branch","line":1,"loc":{"start":{"line":1,"column":0},"end":{"line":224,"column":1}},"locations":[{"start":{"line":1,"column":0},"end":{"line":224,"column":1}}]}},"b":{"0":[0]},"fnMap":{"0":{"name":"(empty-report)","decl":{"start":{"line":1,"column":0},"end":{"line":224,"column":1}},"loc":{"start":{"line":1,"column":0},"end":{"line":224,"column":1}},"line":1}},"f":{"0":0}}
}
